#
# A fatal error has been detected by the Java Runtime Environment:
#
#  EXCEPTION_ACCESS_VIOLATION (0xc0000005) at pc=0x00007fffa80ef8e1, pid=8212, tid=2684
#
# JRE version: Java(TM) SE Runtime Environment (21.0.7+8) (build 21.0.7+8-LTS-245)
# Java VM: Java HotSpot(TM) 64-Bit Server VM (21.0.7+8-LTS-245, mixed mode, sharing, tiered, compressed oops, compressed class ptrs, g1 gc, windows-amd64)
# Problematic frame:
# V  [jvm.dll+0x14f8e1]
#
# No core dump will be written. Minidumps are not enabled by default on client versions of Windows
#
# If you would like to submit a bug report, please visit:
#   https://bugreport.java.com/bugreport/crash.jsp
#

---------------  S U M M A R Y ------------

Command Line: --add-opens=java.base/java.lang=ALL-UNNAMED --add-opens=java.base/java.lang.invoke=ALL-UNNAMED --add-opens=java.base/java.util=ALL-UNNAMED --add-opens=java.prefs/java.util.prefs=ALL-UNNAMED --add-exports=jdk.compiler/com.sun.tools.javac.api=ALL-UNNAMED --add-exports=jdk.compiler/com.sun.tools.javac.util=ALL-UNNAMED --add-opens=java.base/java.util=ALL-UNNAMED --add-opens=java.prefs/java.util.prefs=ALL-UNNAMED --add-opens=java.base/java.nio.charset=ALL-UNNAMED --add-opens=java.base/java.net=ALL-UNNAMED --add-opens=java.base/java.util.concurrent.atomic=ALL-UNNAMED --add-opens=java.xml/javax.xml.namespace=ALL-UNNAMED -XX:MaxMetaspaceSize=384m -XX:+HeapDumpOnOutOfMemoryError -Xms256m -Xmx512m -Dfile.encoding=UTF-8 -Duser.country=US -Duser.language=en -Duser.variant -javaagent:C:\Users\musfi\.gradle\wrapper\dists\gradle-8.13-bin\5xuhj0ry160q40clulazy9h7d\gradle-8.13\lib\agents\gradle-instrumentation-agent-8.13.jar org.gradle.launcher.daemon.bootstrap.GradleDaemon 8.13

Host: Intel(R) Core(TM) i3-8145U CPU @ 2.10GHz, 4 cores, 7G,  Windows 11 , 64 bit Build 26100 (10.0.26100.3775)
Time: Sun Apr 20 15:25:34 2025 Bangladesh Standard Time elapsed time: 2248.928194 seconds (0d 0h 37m 28s)

---------------  T H R E A D  ---------------

Current thread (0x0000019da5fa99f0):  JavaThread "C1 CompilerThread0" daemon [_thread_in_native, id=2684, stack(0x00000006e6e00000,0x00000006e6f00000) (1024K)]


Current CompileTask:
C1:2248928 24233       2       java.text.DecimalFormat::subformatNumber (1173 bytes)

Stack: [0x00000006e6e00000,0x00000006e6f00000],  sp=0x00000006e6efe510,  free space=1017k
Native frames: (J=compiled Java code, j=interpreted, Vv=VM code, C=native code)
V  [jvm.dll+0x14f8e1]
V  [jvm.dll+0x158fc0]
V  [jvm.dll+0x161bc0]
V  [jvm.dll+0x15e9d3]
V  [jvm.dll+0x15d545]
V  [jvm.dll+0x1573ff]
V  [jvm.dll+0x166f96]
V  [jvm.dll+0x152cb0]
V  [jvm.dll+0x153033]
V  [jvm.dll+0x153304]
V  [jvm.dll+0x152736]
V  [jvm.dll+0x15450d]
V  [jvm.dll+0x255819]
V  [jvm.dll+0x253daa]
V  [jvm.dll+0x3eebb6]
V  [jvm.dll+0x7ffa1b]
V  [jvm.dll+0x6c94fd]
C  [ucrtbase.dll+0x37b0]
C  [KERNEL32.DLL+0x2e8d7]
C  [ntdll.dll+0xb14fc]


siginfo: EXCEPTION_ACCESS_VIOLATION (0xc0000005), reading address 0xffffffffffffffff


Registers:
RAX=0xc4560b680000000a, RBX=0x0000019dc4560b68, RCX=0x00000006e6efe570, RDX=0x0000019dc4562508
RSP=0x00000006e6efe510, RBP=0x00007fffa8bb7360, RSI=0x00000006e6efe840, RDI=0x00000006e6efe570
R8 =0x00000006e6efe570, R9 =0x0000019dc4562508, R10=0x00007fffdb670000, R11=0x00007fffdb671b8d
R12=0x0000000000000000, R13=0x0000000000000000, R14=0x0000000000000000, R15=0x0000000000000000
RIP=0x00007fffa80ef8e1, EFLAGS=0x0000000000010202


Register to memory mapping:

RAX=0xc4560b680000000a is an unknown value
RBX=0x0000019dc4560b68 points into unknown readable memory: 0x00007fffa8947220 | 20 72 94 a8 ff 7f 00 00
RCX=0x00000006e6efe570 is pointing into the stack for thread: 0x0000019da5fa99f0
RDX=0x0000019dc4562508 points into unknown readable memory: 0x00007fffa893e2e0 | e0 e2 93 a8 ff 7f 00 00
RSP=0x00000006e6efe510 is pointing into the stack for thread: 0x0000019da5fa99f0
RBP=0x00007fffa8bb7360 jvm.dll
RSI=0x00000006e6efe840 is pointing into the stack for thread: 0x0000019da5fa99f0
RDI=0x00000006e6efe570 is pointing into the stack for thread: 0x0000019da5fa99f0
R8 =0x00000006e6efe570 is pointing into the stack for thread: 0x0000019da5fa99f0
R9 =0x0000019dc4562508 points into unknown readable memory: 0x00007fffa893e2e0 | e0 e2 93 a8 ff 7f 00 00
R10=0x00007fffdb670000 VCRUNTIME140.dll
R11=0x00007fffdb671b8d VCRUNTIME140.dll
R12=0x0 is null
R13=0x0 is null
R14=0x0 is null
R15=0x0 is null

Top of Stack: (sp=0x00000006e6efe510)
0x00000006e6efe510:   0000019dc4562018 0000019dc4562270
0x00000006e6efe520:   0000019dc2179b20 0000000000000000
0x00000006e6efe530:   00000006e6efe840 00007fffa80f8fc0
0x00000006e6efe540:   0000019dc4560b68 00007fffa810b302
0x00000006e6efe550:   000000000000023a 0000000000000000
0x00000006e6efe560:   0000019dc4562270 00007fffa80edf05
0x00000006e6efe570:   00007fffa8942e00 00000006e6efec10
0x00000006e6efe580:   0000019dc4562508 00007fff00000212
0x00000006e6efe590:   0000019dc4562508 00007fffa8101bc0
0x00000006e6efe5a0:   0000019dc4560b68 00007fffa8bb7360
0x00000006e6efe5b0:   0000019dc4560b68 00000006e6efe840
0x00000006e6efe5c0:   0000000000000074 00007fffa80fe9d3
0x00000006e6efe5d0:   0000019dc1348b52 00000006e6efe640
0x00000006e6efe5e0:   00000006e6efe840 0000019d000000b7
0x00000006e6efe5f0:   0000019dc1346200 0000019dc1346150
0x00000006e6efe600:   0000019dc1348b52 0000000000000000
0x00000006e6efe610:   0000019dbf53d320 0000019dc1348940
0x00000006e6efe620:   0000019dc1348dd5 0000019dc1348b53
0x00000006e6efe630:   0000007400000074 00007fffa814c4a9
0x00000006e6efe640:   00000006e6efec10 0000000000000000
0x00000006e6efe650:   0000000000000000 ffffffffffffffff
0x00000006e6efe660:   0000019dc2179938 0000019dc4562140
0x00000006e6efe670:   0000000000000000 00007fffa80fd545
0x00000006e6efe680:   0000000000000000 0000000000000000
0x00000006e6efe690:   00000006e6efe840 0000019dc2179938
0x00000006e6efe6a0:   0000019dc2e7c690 00007fffa80f73ff
0x00000006e6efe6b0:   00000006e6efe840 00000006e6efe7b0
0x00000006e6efe6c0:   0000019dbf53d320 0000019dc1346200
0x00000006e6efe6d0:   0000019da5faa598 ffffffffffffffff
0x00000006e6efe6e0:   00000006e6efec10 0000019dc2e7c690
0x00000006e6efe6f0:   0000008000000068 0000019dc217b7b8
0x00000006e6efe700:   0000000000000000 0000019dc2e7c840 

Instructions: (pc=0x00007fffa80ef8e1)
0x00007fffa80ef7e1:   fa 48 8b 48 18 48 8b 01 ff 50 18 84 c0 0f 84 d2
0x00007fffa80ef7f1:   00 00 00 48 8b 47 70 48 89 5c 24 40 48 89 6c 24
0x00007fffa80ef801:   48 48 89 74 24 50 48 8b 48 18 4c 89 74 24 20 48
0x00007fffa80ef811:   8b 01 ff 90 88 00 00 00 48 8b 5f 68 33 ed 44 8b
0x00007fffa80ef821:   70 10 48 85 db 74 04 8b 03 eb 02 8b c5 48 8b 5b
0x00007fffa80ef831:   08 48 8b cf 48 98 48 8b 74 c3 f8 e8 ff 0f 00 00
0x00007fffa80ef841:   48 63 d0 85 c0 7e 1e 48 8b 47 78 48 8b 48 08 44
0x00007fffa80ef851:   3b 31 75 03 48 8b 33 48 83 c1 04 48 83 c3 08 48
0x00007fffa80ef861:   83 ea 01 75 ea b9 80 00 00 00 e8 c0 2f fe ff 4c
0x00007fffa80ef871:   8b 74 24 20 48 8b 5c 24 40 48 85 c0 74 33 8b 4f
0x00007fffa80ef881:   38 4c 8d 47 40 c1 e9 04 f6 c1 01 74 10 49 8b 08
0x00007fffa80ef891:   8b 51 10 39 56 6c 7d 05 41 b1 01 eb 03 45 32 c9
0x00007fffa80ef8a1:   4d 8b 00 48 8b d6 48 8b c8 e8 d1 e3 ff ff 48 8b
0x00007fffa80ef8b1:   e8 48 8b 74 24 50 49 39 6f 10 74 04 49 89 6f 10
0x00007fffa80ef8c1:   48 8b 6c 24 48 48 83 c4 28 41 5f 5f c3 cc cc 48
0x00007fffa80ef8d1:   89 5c 24 08 57 48 83 ec 20 48 8b 42 60 48 8b f9
0x00007fffa80ef8e1:   48 8b 58 18 48 8b cb 48 8b 03 ff 50 18 84 c0 0f
0x00007fffa80ef8f1:   84 b0 00 00 00 8b 53 0c 85 d2 0f 84 8c 00 00 00
0x00007fffa80ef901:   83 ea 01 74 62 83 ea 01 74 33 83 fa 01 0f 85 9d
0x00007fffa80ef911:   00 00 00 48 8b 03 48 8b cb ff 90 a0 00 00 00 48
0x00007fffa80ef921:   8b cf f2 0f 10 48 10 0f 57 0d 71 cc 84 00 48 8b
0x00007fffa80ef931:   5c 24 30 48 83 c4 20 5f e9 02 11 00 00 48 8b 03
0x00007fffa80ef941:   48 8b cb ff 90 98 00 00 00 48 8b cf f3 0f 10 48
0x00007fffa80ef951:   10 0f 57 0d 57 cc 84 00 48 8b 5c 24 30 48 83 c4
0x00007fffa80ef961:   20 5f e9 48 10 00 00 48 8b 03 48 8b cb ff 90 90
0x00007fffa80ef971:   00 00 00 48 8b cf 48 8b 50 10 48 f7 da 48 8b 5c
0x00007fffa80ef981:   24 30 48 83 c4 20 5f e9 43 11 00 00 48 8b 03 48
0x00007fffa80ef991:   8b cb ff 90 88 00 00 00 48 8b cf 8b 50 10 f7 da
0x00007fffa80ef9a1:   e8 7a 0f 00 00 48 8b 5c 24 30 48 83 c4 20 5f c3
0x00007fffa80ef9b1:   ba 56 01 00 00 48 8d 0d ab cb 84 00 e8 de e5 12
0x00007fffa80ef9c1:   00 cc cc cc cc cc cc cc cc cc cc cc cc cc cc 48
0x00007fffa80ef9d1:   89 5c 24 10 57 48 83 ec 20 48 8b d9 48 8b fa 48 


Stack slot to memory mapping:

stack at sp + 0 slots: 0x0000019dc4562018 points into unknown readable memory: 0x0000019dc2e7c690 | 90 c6 e7 c2 9d 01 00 00
stack at sp + 1 slots: 0x0000019dc4562270 points into unknown readable memory: 0x0000019dc2e7c690 | 90 c6 e7 c2 9d 01 00 00
stack at sp + 2 slots: 0x0000019dc2179b20 points into unknown readable memory: 0x00007fffa8940958 | 58 09 94 a8 ff 7f 00 00
stack at sp + 3 slots: 0x0 is null
stack at sp + 4 slots: 0x00000006e6efe840 is pointing into the stack for thread: 0x0000019da5fa99f0
stack at sp + 5 slots: 0x00007fffa80f8fc0 jvm.dll
stack at sp + 6 slots: 0x0000019dc4560b68 points into unknown readable memory: 0x00007fffa8947220 | 20 72 94 a8 ff 7f 00 00
stack at sp + 7 slots: 0x00007fffa810b302 jvm.dll


---------------  P R O C E S S  ---------------

Threads class SMR info:
_java_thread_list=0x0000019dc4072d40, length=50, elements={
0x0000019d899b6b30, 0x0000019da5f901b0, 0x0000019da5f92c10, 0x0000019da5f948d0,
0x0000019da5f95320, 0x0000019da5f97fe0, 0x0000019da5f98de0, 0x0000019da5f9bb70,
0x0000019da5fa99f0, 0x0000019dbf1e4950, 0x0000019dbf402f30, 0x0000019dc05fdb60,
0x0000019dc0bd2bc0, 0x0000019dbfe0fa10, 0x0000019dc0c51a90, 0x0000019dc0c4f330,
0x0000019dc0c52120, 0x0000019dc0c51400, 0x0000019dc3cde890, 0x0000019dc3cdbaa0,
0x0000019dc3cdb410, 0x0000019dc3cde200, 0x0000019dc3cdc7c0, 0x0000019dc3cdce50,
0x0000019dc3c9eb70, 0x0000019dc3bf7ed0, 0x0000019dc3bfcd90, 0x0000019dc3bfc070,
0x0000019dc24189d0, 0x0000019dc2416270, 0x0000019dc241a410, 0x0000019dc4d63b70,
0x0000019dc5be0930, 0x0000019dc3bfacc0, 0x0000019dc3bf8bf0, 0x0000019dc3bfc700,
0x0000019dc3bfd420, 0x0000019dc3bfdab0, 0x0000019dc3bfe140, 0x0000019dc3bfe7d0,
0x0000019dc3bfb9e0, 0x0000019dc4d606f0, 0x0000019dc4d62130, 0x0000019dc4d62e50,
0x0000019dc4d61aa0, 0x0000019dc4d627c0, 0x0000019dc4d61410, 0x0000019dc4d634e0,
0x0000019dc4d60060, 0x0000019dc4d64f20
}

Java Threads: ( => current thread )
  0x0000019d899b6b30 JavaThread "main"                              [_thread_blocked, id=8524, stack(0x00000006e5f00000,0x00000006e6000000) (1024K)]
  0x0000019da5f901b0 JavaThread "Reference Handler"          daemon [_thread_blocked, id=4156, stack(0x00000006e6700000,0x00000006e6800000) (1024K)]
  0x0000019da5f92c10 JavaThread "Finalizer"                  daemon [_thread_blocked, id=11720, stack(0x00000006e6800000,0x00000006e6900000) (1024K)]
  0x0000019da5f948d0 JavaThread "Signal Dispatcher"          daemon [_thread_blocked, id=11820, stack(0x00000006e6900000,0x00000006e6a00000) (1024K)]
  0x0000019da5f95320 JavaThread "Attach Listener"            daemon [_thread_blocked, id=6000, stack(0x00000006e6a00000,0x00000006e6b00000) (1024K)]
  0x0000019da5f97fe0 JavaThread "Service Thread"             daemon [_thread_blocked, id=16004, stack(0x00000006e6b00000,0x00000006e6c00000) (1024K)]
  0x0000019da5f98de0 JavaThread "Monitor Deflation Thread"   daemon [_thread_blocked, id=14316, stack(0x00000006e6c00000,0x00000006e6d00000) (1024K)]
  0x0000019da5f9bb70 JavaThread "C2 CompilerThread0"         daemon [_thread_in_native, id=15768, stack(0x00000006e6d00000,0x00000006e6e00000) (1024K)]
=>0x0000019da5fa99f0 JavaThread "C1 CompilerThread0"         daemon [_thread_in_native, id=2684, stack(0x00000006e6e00000,0x00000006e6f00000) (1024K)]
  0x0000019dbf1e4950 JavaThread "Common-Cleaner"             daemon [_thread_blocked, id=12680, stack(0x00000006e6f00000,0x00000006e7000000) (1024K)]
  0x0000019dbf402f30 JavaThread "Notification Thread"        daemon [_thread_blocked, id=16008, stack(0x00000006e7100000,0x00000006e7200000) (1024K)]
  0x0000019dc05fdb60 JavaThread "Daemon health stats"               [_thread_blocked, id=2728, stack(0x00000006e7500000,0x00000006e7600000) (1024K)]
  0x0000019dc0bd2bc0 JavaThread "Incoming local TCP Connector on port 54384"        [_thread_in_native, id=15596, stack(0x00000006e7700000,0x00000006e7800000) (1024K)]
  0x0000019dbfe0fa10 JavaThread "Daemon periodic checks"            [_thread_blocked, id=15076, stack(0x00000006e7800000,0x00000006e7900000) (1024K)]
  0x0000019dc0c51a90 JavaThread "Cache worker for journal cache (C:\Users\musfi\.gradle\caches\journal-1)"        [_thread_blocked, id=16516, stack(0x00000006e8000000,0x00000006e8100000) (1024K)]
  0x0000019dc0c4f330 JavaThread "File lock request listener"        [_thread_in_native, id=9168, stack(0x00000006e8100000,0x00000006e8200000) (1024K)]
  0x0000019dc0c52120 JavaThread "Cache worker for file hash cache (C:\Users\musfi\.gradle\caches\8.13\fileHashes)"        [_thread_blocked, id=16340, stack(0x00000006e8200000,0x00000006e8300000) (1024K)]
  0x0000019dc0c51400 JavaThread "File watcher server"        daemon [_thread_in_native, id=7048, stack(0x00000006e8500000,0x00000006e8600000) (1024K)]
  0x0000019dc3cde890 JavaThread "File watcher consumer"      daemon [_thread_blocked, id=9864, stack(0x00000006e8600000,0x00000006e8700000) (1024K)]
  0x0000019dc3cdbaa0 JavaThread "jar transforms"                    [_thread_blocked, id=9380, stack(0x00000006e8700000,0x00000006e8800000) (1024K)]
  0x0000019dc3cdb410 JavaThread "jar transforms Thread 2"           [_thread_blocked, id=16388, stack(0x00000006e8800000,0x00000006e8900000) (1024K)]
  0x0000019dc3cde200 JavaThread "jar transforms Thread 3"           [_thread_blocked, id=5664, stack(0x00000006e8900000,0x00000006e8a00000) (1024K)]
  0x0000019dc3cdc7c0 JavaThread "jar transforms Thread 4"           [_thread_blocked, id=15980, stack(0x00000006e8a00000,0x00000006e8b00000) (1024K)]
  0x0000019dc3cdce50 JavaThread "Cache worker for file content cache (C:\Users\musfi\.gradle\caches\8.13\fileContent)"        [_thread_blocked, id=7288, stack(0x00000006e8c00000,0x00000006e8d00000) (1024K)]
  0x0000019dc3c9eb70 JavaThread "Memory manager"                    [_thread_blocked, id=5724, stack(0x00000006ea500000,0x00000006ea600000) (1024K)]
  0x0000019dc3bf7ed0 JavaThread "Cache worker for Java compile cache (C:\Users\musfi\.gradle\caches\8.13\javaCompile)"        [_thread_blocked, id=3948, stack(0x00000006ebf00000,0x00000006ec000000) (1024K)]
  0x0000019dc3bfcd90 JavaThread "ForkJoinPool.commonPool-worker-15" daemon [_thread_blocked, id=2116, stack(0x00000006ea100000,0x00000006ea200000) (1024K)]
  0x0000019dc3bfc070 JavaThread "ForkJoinPool.commonPool-worker-16" daemon [_thread_blocked, id=15740, stack(0x00000006ea200000,0x00000006ea300000) (1024K)]
  0x0000019dc24189d0 JavaThread "Daemon Thread 11"                  [_thread_blocked, id=14156, stack(0x00000006e5d00000,0x00000006e5e00000) (1024K)]
  0x0000019dc2416270 JavaThread "Daemon Thread 12"                  [_thread_blocked, id=8608, stack(0x00000006e7000000,0x00000006e7100000) (1024K)]
  0x0000019dc241a410 JavaThread "Daemon worker Thread 7"            [_thread_in_native, id=16268, stack(0x00000006e5e00000,0x00000006e5f00000) (1024K)]
  0x0000019dc4d63b70 JavaThread "ForkJoinPool.commonPool-worker-17" daemon [_thread_blocked, id=14468, stack(0x00000006e9800000,0x00000006e9900000) (1024K)]
  0x0000019dc5be0930 JavaThread "included builds"                   [_thread_blocked, id=16244, stack(0x00000006eb900000,0x00000006eba00000) (1024K)]
  0x0000019dc3bfacc0 JavaThread "VFS cleanup Thread 7"              [_thread_blocked, id=9140, stack(0x00000006e7a00000,0x00000006e7b00000) (1024K)]
  0x0000019dc3bf8bf0 JavaThread "Handler for socket connection from /127.0.0.1:54384 to /127.0.0.1:54855"        [_thread_in_native, id=11208, stack(0x00000006e7900000,0x00000006e7a00000) (1024K)]
  0x0000019dc3bfc700 JavaThread "Cancel handler"                    [_thread_blocked, id=4876, stack(0x00000006e7600000,0x00000006e7700000) (1024K)]
  0x0000019dc3bfd420 JavaThread "Asynchronous log dispatcher for DefaultDaemonConnection: socket connection from /127.0.0.1:54384 to /127.0.0.1:54855"        [_thread_blocked, id=564, stack(0x00000006e7b00000,0x00000006e7c00000) (1024K)]
  0x0000019dc3bfdab0 JavaThread "Stdin handler"                     [_thread_blocked, id=15300, stack(0x00000006e7c00000,0x00000006e7d00000) (1024K)]
  0x0000019dc3bfe140 JavaThread "Daemon client event forwarder"        [_thread_blocked, id=1536, stack(0x00000006e7d00000,0x00000006e7e00000) (1024K)]
  0x0000019dc3bfe7d0 JavaThread "Cache worker for file hash cache (E:\CMED\spring-intro\.gradle\8.13\fileHashes)"        [_thread_blocked, id=12080, stack(0x00000006e7e00000,0x00000006e7f00000) (1024K)]
  0x0000019dc3bfb9e0 JavaThread "Cache worker for Build Output Cleanup Cache (E:\CMED\spring-intro\.gradle\buildOutputCleanup)"        [_thread_blocked, id=4060, stack(0x00000006e7f00000,0x00000006e8000000) (1024K)]
  0x0000019dc4d606f0 JavaThread "Cache worker for checksums cache (E:\CMED\spring-intro\.gradle\8.13\checksums)"        [_thread_blocked, id=10588, stack(0x00000006e8300000,0x00000006e8400000) (1024K)]
  0x0000019dc4d62130 JavaThread "Cache worker for cache directory md-supplier (C:\Users\musfi\.gradle\caches\8.13\md-supplier)"        [_thread_blocked, id=8232, stack(0x00000006e8400000,0x00000006e8500000) (1024K)]
  0x0000019dc4d62e50 JavaThread "Cache worker for cache directory md-rule (C:\Users\musfi\.gradle\caches\8.13\md-rule)"        [_thread_blocked, id=13076, stack(0x00000006e8b00000,0x00000006e8c00000) (1024K)]
  0x0000019dc4d61aa0 JavaThread "Unconstrained build operations"        [_thread_blocked, id=8672, stack(0x00000006e8d00000,0x00000006e8e00000) (1024K)]
  0x0000019dc4d627c0 JavaThread "Unconstrained build operations Thread 2"        [_thread_blocked, id=14784, stack(0x00000006e8e00000,0x00000006e8f00000) (1024K)]
  0x0000019dc4d61410 JavaThread "Unconstrained build operations Thread 3"        [_thread_blocked, id=17084, stack(0x00000006e8f00000,0x00000006e9000000) (1024K)]
  0x0000019dc4d634e0 JavaThread "Unconstrained build operations Thread 4"        [_thread_blocked, id=14868, stack(0x00000006e9000000,0x00000006e9100000) (1024K)]
  0x0000019dc4d60060 JavaThread "Unconstrained build operations Thread 5"        [_thread_blocked, id=14276, stack(0x00000006e9100000,0x00000006e9200000) (1024K)]
  0x0000019dc4d64f20 JavaThread "Unconstrained build operations Thread 6"        [_thread_blocked, id=11996, stack(0x00000006e9200000,0x00000006e9300000) (1024K)]
Total: 50

Other Threads:
  0x0000019da5f77e60 VMThread "VM Thread"                           [id=16424, stack(0x00000006e6600000,0x00000006e6700000) (1024K)]
  0x0000019da5f67f30 WatcherThread "VM Periodic Task Thread"        [id=15676, stack(0x00000006e6500000,0x00000006e6600000) (1024K)]
  0x0000019d8bc02fa0 WorkerThread "GC Thread#0"                     [id=2760, stack(0x00000006e6000000,0x00000006e6100000) (1024K)]
  0x0000019dbf4e0dc0 WorkerThread "GC Thread#1"                     [id=15436, stack(0x00000006e7200000,0x00000006e7300000) (1024K)]
  0x0000019dbf4e1160 WorkerThread "GC Thread#2"                     [id=7216, stack(0x00000006e7300000,0x00000006e7400000) (1024K)]
  0x0000019dbf4e1500 WorkerThread "GC Thread#3"                     [id=3204, stack(0x00000006e7400000,0x00000006e7500000) (1024K)]
  0x0000019d8bc07ee0 ConcurrentGCThread "G1 Main Marker"            [id=17096, stack(0x00000006e6100000,0x00000006e6200000) (1024K)]
  0x0000019d8bc09300 WorkerThread "G1 Conc#0"                       [id=10408, stack(0x00000006e6200000,0x00000006e6300000) (1024K)]
  0x0000019da5e371f0 ConcurrentGCThread "G1 Refine#0"               [id=4188, stack(0x00000006e6300000,0x00000006e6400000) (1024K)]
  0x0000019da5e39a20 ConcurrentGCThread "G1 Service"                [id=10020, stack(0x00000006e6400000,0x00000006e6500000) (1024K)]
Total: 10

Threads with active compile tasks:
C2 CompilerThread0  2248981 24273 %     4       java.util.Properties$LineReader::readLine @ 224 (584 bytes)
C1 CompilerThread0  2248981 24233       2       java.text.DecimalFormat::subformatNumber (1173 bytes)
Total: 2

VM state: not at safepoint (normal execution)

VM Mutex/Monitor currently owned by a thread: None

Heap address: 0x00000000e0000000, size: 512 MB, Compressed Oops mode: 32-bit

CDS archive(s) mapped at: [0x0000019da6000000-0x0000019da6c90000-0x0000019da6c90000), size 13172736, SharedBaseAddress: 0x0000019da6000000, ArchiveRelocationMode: 1.
Compressed class space mapped at: 0x0000019da7000000-0x0000019dbb000000, reserved size: 335544320
Narrow klass base: 0x0000019da6000000, Narrow klass shift: 0, Narrow klass range: 0x100000000

GC Precious Log:
 CardTable entry size: 512
 Card Set container configuration: InlinePtr #cards 5 size 8 Array Of Cards #cards 12 size 40 Howl #buckets 4 coarsen threshold 1843 Howl Bitmap #cards 512 size 80 coarsen threshold 460 Card regions per heap region 1 cards per card region 2048
 CPUs: 4 total, 4 available
 Memory: 8044M
 Large Page Support: Disabled
 NUMA Support: Disabled
 Compressed Oops: Enabled (32-bit)
 Heap Region Size: 1M
 Heap Min Capacity: 256M
 Heap Initial Capacity: 256M
 Heap Max Capacity: 512M
 Pre-touch: Disabled
 Parallel Workers: 4
 Concurrent Workers: 1
 Concurrent Refinement Workers: 4
 Periodic GC: Disabled

Heap:
 garbage-first heap   total 284672K, used 162010K [0x00000000e0000000, 0x0000000100000000)
  region size 1024K, 31 young (31744K), 15 survivors (15360K)
 Metaspace       used 103990K, committed 105600K, reserved 458752K
  class space    used 13610K, committed 14400K, reserved 327680K

Heap Regions: E=young(eden), S=young(survivor), O=old, HS=humongous(starts), HC=humongous(continues), CS=collection set, F=free, TAMS=top-at-mark-start, PB=parsable bottom
|   0|0x00000000e0000000, 0x00000000e0100000, 0x00000000e0100000|100%|HS|  |TAMS 0x00000000e0000000| PB 0x00000000e0000000| Complete 
|   1|0x00000000e0100000, 0x00000000e0200000, 0x00000000e0200000|100%|HC|  |TAMS 0x00000000e0100000| PB 0x00000000e0100000| Complete 
|   2|0x00000000e0200000, 0x00000000e0300000, 0x00000000e0300000|100%|HC|  |TAMS 0x00000000e0200000| PB 0x00000000e0200000| Complete 
|   3|0x00000000e0300000, 0x00000000e0400000, 0x00000000e0400000|100%| O|  |TAMS 0x00000000e0300000| PB 0x00000000e0300000| Untracked 
|   4|0x00000000e0400000, 0x00000000e0500000, 0x00000000e0500000|100%| O|  |TAMS 0x00000000e0400000| PB 0x00000000e0400000| Untracked 
|   5|0x00000000e0500000, 0x00000000e0600000, 0x00000000e0600000|100%| O|  |TAMS 0x00000000e0500000| PB 0x00000000e0500000| Untracked 
|   6|0x00000000e0600000, 0x00000000e0700000, 0x00000000e0700000|100%| O|  |TAMS 0x00000000e0600000| PB 0x00000000e0600000| Untracked 
|   7|0x00000000e0700000, 0x00000000e0800000, 0x00000000e0800000|100%|HS|  |TAMS 0x00000000e0700000| PB 0x00000000e0700000| Complete 
|   8|0x00000000e0800000, 0x00000000e0900000, 0x00000000e0900000|100%| O|  |TAMS 0x00000000e0800000| PB 0x00000000e0800000| Untracked 
|   9|0x00000000e0900000, 0x00000000e0a00000, 0x00000000e0a00000|100%| O|  |TAMS 0x00000000e0900000| PB 0x00000000e0900000| Untracked 
|  10|0x00000000e0a00000, 0x00000000e0b00000, 0x00000000e0b00000|100%| O|  |TAMS 0x00000000e0a00000| PB 0x00000000e0a00000| Untracked 
|  11|0x00000000e0b00000, 0x00000000e0c00000, 0x00000000e0c00000|100%| O|  |TAMS 0x00000000e0b00000| PB 0x00000000e0b00000| Untracked 
|  12|0x00000000e0c00000, 0x00000000e0d00000, 0x00000000e0d00000|100%| O|  |TAMS 0x00000000e0c00000| PB 0x00000000e0c00000| Untracked 
|  13|0x00000000e0d00000, 0x00000000e0e00000, 0x00000000e0e00000|100%| O|  |TAMS 0x00000000e0d00000| PB 0x00000000e0d00000| Untracked 
|  14|0x00000000e0e00000, 0x00000000e0f00000, 0x00000000e0f00000|100%| O|  |TAMS 0x00000000e0e00000| PB 0x00000000e0e00000| Untracked 
|  15|0x00000000e0f00000, 0x00000000e1000000, 0x00000000e1000000|100%| O|  |TAMS 0x00000000e0f00000| PB 0x00000000e0f00000| Untracked 
|  16|0x00000000e1000000, 0x00000000e1100000, 0x00000000e1100000|100%| O|  |TAMS 0x00000000e1000000| PB 0x00000000e1000000| Untracked 
|  17|0x00000000e1100000, 0x00000000e1200000, 0x00000000e1200000|100%| O|  |TAMS 0x00000000e1100000| PB 0x00000000e1100000| Untracked 
|  18|0x00000000e1200000, 0x00000000e1300000, 0x00000000e1300000|100%| O|  |TAMS 0x00000000e1200000| PB 0x00000000e1200000| Untracked 
|  19|0x00000000e1300000, 0x00000000e1400000, 0x00000000e1400000|100%| O|  |TAMS 0x00000000e1300000| PB 0x00000000e1300000| Untracked 
|  20|0x00000000e1400000, 0x00000000e1500000, 0x00000000e1500000|100%| O|  |TAMS 0x00000000e1400000| PB 0x00000000e1400000| Untracked 
|  21|0x00000000e1500000, 0x00000000e1600000, 0x00000000e1600000|100%| O|  |TAMS 0x00000000e1500000| PB 0x00000000e1500000| Untracked 
|  22|0x00000000e1600000, 0x00000000e1700000, 0x00000000e1700000|100%| O|  |TAMS 0x00000000e1600000| PB 0x00000000e1600000| Untracked 
|  23|0x00000000e1700000, 0x00000000e1800000, 0x00000000e1800000|100%|HS|  |TAMS 0x00000000e1700000| PB 0x00000000e1700000| Complete 
|  24|0x00000000e1800000, 0x00000000e1900000, 0x00000000e1900000|100%|HC|  |TAMS 0x00000000e1800000| PB 0x00000000e1800000| Complete 
|  25|0x00000000e1900000, 0x00000000e1a00000, 0x00000000e1a00000|100%|HC|  |TAMS 0x00000000e1900000| PB 0x00000000e1900000| Complete 
|  26|0x00000000e1a00000, 0x00000000e1b00000, 0x00000000e1b00000|100%|HC|  |TAMS 0x00000000e1a00000| PB 0x00000000e1a00000| Complete 
|  27|0x00000000e1b00000, 0x00000000e1c00000, 0x00000000e1c00000|100%|HC|  |TAMS 0x00000000e1b00000| PB 0x00000000e1b00000| Complete 
|  28|0x00000000e1c00000, 0x00000000e1d00000, 0x00000000e1d00000|100%|HC|  |TAMS 0x00000000e1c00000| PB 0x00000000e1c00000| Complete 
|  29|0x00000000e1d00000, 0x00000000e1e00000, 0x00000000e1e00000|100%|HS|  |TAMS 0x00000000e1d00000| PB 0x00000000e1d00000| Complete 
|  30|0x00000000e1e00000, 0x00000000e1f00000, 0x00000000e1f00000|100%|HC|  |TAMS 0x00000000e1e00000| PB 0x00000000e1e00000| Complete 
|  31|0x00000000e1f00000, 0x00000000e2000000, 0x00000000e2000000|100%|HC|  |TAMS 0x00000000e1f00000| PB 0x00000000e1f00000| Complete 
|  32|0x00000000e2000000, 0x00000000e2100000, 0x00000000e2100000|100%|HS|  |TAMS 0x00000000e2000000| PB 0x00000000e2000000| Complete 
|  33|0x00000000e2100000, 0x00000000e2200000, 0x00000000e2200000|100%|HC|  |TAMS 0x00000000e2100000| PB 0x00000000e2100000| Complete 
|  34|0x00000000e2200000, 0x00000000e2300000, 0x00000000e2300000|100%|HS|  |TAMS 0x00000000e2200000| PB 0x00000000e2200000| Complete 
|  35|0x00000000e2300000, 0x00000000e2400000, 0x00000000e2400000|100%|HS|  |TAMS 0x00000000e2300000| PB 0x00000000e2300000| Complete 
|  36|0x00000000e2400000, 0x00000000e2500000, 0x00000000e2500000|100%|HC|  |TAMS 0x00000000e2400000| PB 0x00000000e2400000| Complete 
|  37|0x00000000e2500000, 0x00000000e2600000, 0x00000000e2600000|100%|HC|  |TAMS 0x00000000e2500000| PB 0x00000000e2500000| Complete 
|  38|0x00000000e2600000, 0x00000000e2700000, 0x00000000e2700000|100%|HC|  |TAMS 0x00000000e2600000| PB 0x00000000e2600000| Complete 
|  39|0x00000000e2700000, 0x00000000e2800000, 0x00000000e2800000|100%|HC|  |TAMS 0x00000000e2700000| PB 0x00000000e2700000| Complete 
|  40|0x00000000e2800000, 0x00000000e2900000, 0x00000000e2900000|100%|HC|  |TAMS 0x00000000e2800000| PB 0x00000000e2800000| Complete 
|  41|0x00000000e2900000, 0x00000000e2a00000, 0x00000000e2a00000|100%|HS|  |TAMS 0x00000000e2900000| PB 0x00000000e2900000| Complete 
|  42|0x00000000e2a00000, 0x00000000e2b00000, 0x00000000e2b00000|100%|HC|  |TAMS 0x00000000e2a00000| PB 0x00000000e2a00000| Complete 
|  43|0x00000000e2b00000, 0x00000000e2c00000, 0x00000000e2c00000|100%|HC|  |TAMS 0x00000000e2b00000| PB 0x00000000e2b00000| Complete 
|  44|0x00000000e2c00000, 0x00000000e2d00000, 0x00000000e2d00000|100%|HS|  |TAMS 0x00000000e2c00000| PB 0x00000000e2c00000| Complete 
|  45|0x00000000e2d00000, 0x00000000e2e00000, 0x00000000e2e00000|100%|HC|  |TAMS 0x00000000e2d00000| PB 0x00000000e2d00000| Complete 
|  46|0x00000000e2e00000, 0x00000000e2f00000, 0x00000000e2f00000|100%|HS|  |TAMS 0x00000000e2e00000| PB 0x00000000e2e00000| Complete 
|  47|0x00000000e2f00000, 0x00000000e3000000, 0x00000000e3000000|100%| O|  |TAMS 0x00000000e2f00000| PB 0x00000000e2f00000| Untracked 
|  48|0x00000000e3000000, 0x00000000e3100000, 0x00000000e3100000|100%| O|  |TAMS 0x00000000e3000000| PB 0x00000000e3000000| Untracked 
|  49|0x00000000e3100000, 0x00000000e3200000, 0x00000000e3200000|100%| O|  |TAMS 0x00000000e3100000| PB 0x00000000e3100000| Untracked 
|  50|0x00000000e3200000, 0x00000000e3300000, 0x00000000e3300000|100%| O|  |TAMS 0x00000000e3200000| PB 0x00000000e3200000| Untracked 
|  51|0x00000000e3300000, 0x00000000e3400000, 0x00000000e3400000|100%| O|  |TAMS 0x00000000e3300000| PB 0x00000000e3300000| Untracked 
|  52|0x00000000e3400000, 0x00000000e3500000, 0x00000000e3500000|100%| O|  |TAMS 0x00000000e3400000| PB 0x00000000e3400000| Untracked 
|  53|0x00000000e3500000, 0x00000000e3600000, 0x00000000e3600000|100%| O|  |TAMS 0x00000000e3500000| PB 0x00000000e3500000| Untracked 
|  54|0x00000000e3600000, 0x00000000e3700000, 0x00000000e3700000|100%| O|  |TAMS 0x00000000e3600000| PB 0x00000000e3600000| Untracked 
|  55|0x00000000e3700000, 0x00000000e3800000, 0x00000000e3800000|100%| O|  |TAMS 0x00000000e3700000| PB 0x00000000e3700000| Untracked 
|  56|0x00000000e3800000, 0x00000000e3900000, 0x00000000e3900000|100%| O|  |TAMS 0x00000000e3800000| PB 0x00000000e3800000| Untracked 
|  57|0x00000000e3900000, 0x00000000e3a00000, 0x00000000e3a00000|100%| O|  |TAMS 0x00000000e3900000| PB 0x00000000e3900000| Untracked 
|  58|0x00000000e3a00000, 0x00000000e3b00000, 0x00000000e3b00000|100%| O|  |TAMS 0x00000000e3a00000| PB 0x00000000e3a00000| Untracked 
|  59|0x00000000e3b00000, 0x00000000e3c00000, 0x00000000e3c00000|100%|HS|  |TAMS 0x00000000e3b00000| PB 0x00000000e3b00000| Complete 
|  60|0x00000000e3c00000, 0x00000000e3d00000, 0x00000000e3d00000|100%|HS|  |TAMS 0x00000000e3c00000| PB 0x00000000e3c00000| Complete 
|  61|0x00000000e3d00000, 0x00000000e3e00000, 0x00000000e3e00000|100%|HC|  |TAMS 0x00000000e3d00000| PB 0x00000000e3d00000| Complete 
|  62|0x00000000e3e00000, 0x00000000e3f00000, 0x00000000e3f00000|100%|HS|  |TAMS 0x00000000e3e00000| PB 0x00000000e3e00000| Complete 
|  63|0x00000000e3f00000, 0x00000000e4000000, 0x00000000e4000000|100%|HC|  |TAMS 0x00000000e3f00000| PB 0x00000000e3f00000| Complete 
|  64|0x00000000e4000000, 0x00000000e4100000, 0x00000000e4100000|100%|HC|  |TAMS 0x00000000e4000000| PB 0x00000000e4000000| Complete 
|  65|0x00000000e4100000, 0x00000000e4200000, 0x00000000e4200000|100%|HC|  |TAMS 0x00000000e4100000| PB 0x00000000e4100000| Complete 
|  66|0x00000000e4200000, 0x00000000e4300000, 0x00000000e4300000|100%|HC|  |TAMS 0x00000000e4200000| PB 0x00000000e4200000| Complete 
|  67|0x00000000e4300000, 0x00000000e4400000, 0x00000000e4400000|100%|HC|  |TAMS 0x00000000e4300000| PB 0x00000000e4300000| Complete 
|  68|0x00000000e4400000, 0x00000000e4400000, 0x00000000e4500000|  0%| F|  |TAMS 0x00000000e4400000| PB 0x00000000e4400000| Untracked 
|  69|0x00000000e4500000, 0x00000000e4600000, 0x00000000e4600000|100%| O|  |TAMS 0x00000000e4500000| PB 0x00000000e4500000| Untracked 
|  70|0x00000000e4600000, 0x00000000e4700000, 0x00000000e4700000|100%| O|  |TAMS 0x00000000e4600000| PB 0x00000000e4600000| Untracked 
|  71|0x00000000e4700000, 0x00000000e4800000, 0x00000000e4800000|100%| O|  |TAMS 0x00000000e4700000| PB 0x00000000e4700000| Untracked 
|  72|0x00000000e4800000, 0x00000000e4900000, 0x00000000e4900000|100%| O|  |TAMS 0x00000000e4800000| PB 0x00000000e4800000| Untracked 
|  73|0x00000000e4900000, 0x00000000e4a00000, 0x00000000e4a00000|100%| O|  |TAMS 0x00000000e4900000| PB 0x00000000e4900000| Untracked 
|  74|0x00000000e4a00000, 0x00000000e4b00000, 0x00000000e4b00000|100%| O|  |TAMS 0x00000000e4a00000| PB 0x00000000e4a00000| Untracked 
|  75|0x00000000e4b00000, 0x00000000e4c00000, 0x00000000e4c00000|100%| O|  |TAMS 0x00000000e4b00000| PB 0x00000000e4b00000| Untracked 
|  76|0x00000000e4c00000, 0x00000000e4d00000, 0x00000000e4d00000|100%| O|  |TAMS 0x00000000e4c00000| PB 0x00000000e4c00000| Untracked 
|  77|0x00000000e4d00000, 0x00000000e4d00000, 0x00000000e4e00000|  0%| F|  |TAMS 0x00000000e4d00000| PB 0x00000000e4d00000| Untracked 
|  78|0x00000000e4e00000, 0x00000000e4f00000, 0x00000000e4f00000|100%| O|  |TAMS 0x00000000e4e00000| PB 0x00000000e4e00000| Untracked 
|  79|0x00000000e4f00000, 0x00000000e5000000, 0x00000000e5000000|100%| O|  |TAMS 0x00000000e4f00000| PB 0x00000000e4f00000| Untracked 
|  80|0x00000000e5000000, 0x00000000e5100000, 0x00000000e5100000|100%| O|  |TAMS 0x00000000e5000000| PB 0x00000000e5000000| Untracked 
|  81|0x00000000e5100000, 0x00000000e5200000, 0x00000000e5200000|100%| O|  |TAMS 0x00000000e5100000| PB 0x00000000e5100000| Untracked 
|  82|0x00000000e5200000, 0x00000000e5300000, 0x00000000e5300000|100%| O|  |TAMS 0x00000000e5200000| PB 0x00000000e5200000| Untracked 
|  83|0x00000000e5300000, 0x00000000e5400000, 0x00000000e5400000|100%| O|  |TAMS 0x00000000e5300000| PB 0x00000000e5300000| Untracked 
|  84|0x00000000e5400000, 0x00000000e5500000, 0x00000000e5500000|100%| O|  |TAMS 0x00000000e5400000| PB 0x00000000e5400000| Untracked 
|  85|0x00000000e5500000, 0x00000000e5600000, 0x00000000e5600000|100%| O|  |TAMS 0x00000000e5500000| PB 0x00000000e5500000| Untracked 
|  86|0x00000000e5600000, 0x00000000e5600000, 0x00000000e5700000|  0%| F|  |TAMS 0x00000000e5600000| PB 0x00000000e5600000| Untracked 
|  87|0x00000000e5700000, 0x00000000e5800000, 0x00000000e5800000|100%| O|  |TAMS 0x00000000e5700000| PB 0x00000000e5700000| Untracked 
|  88|0x00000000e5800000, 0x00000000e5900000, 0x00000000e5900000|100%| O|  |TAMS 0x00000000e5800000| PB 0x00000000e5800000| Untracked 
|  89|0x00000000e5900000, 0x00000000e5a00000, 0x00000000e5a00000|100%| O|  |TAMS 0x00000000e5900000| PB 0x00000000e5900000| Untracked 
|  90|0x00000000e5a00000, 0x00000000e5b00000, 0x00000000e5b00000|100%| O|  |TAMS 0x00000000e5a00000| PB 0x00000000e5a00000| Untracked 
|  91|0x00000000e5b00000, 0x00000000e5c00000, 0x00000000e5c00000|100%|HS|  |TAMS 0x00000000e5b00000| PB 0x00000000e5b00000| Complete 
|  92|0x00000000e5c00000, 0x00000000e5d00000, 0x00000000e5d00000|100%|HC|  |TAMS 0x00000000e5c00000| PB 0x00000000e5c00000| Complete 
|  93|0x00000000e5d00000, 0x00000000e5e00000, 0x00000000e5e00000|100%|HC|  |TAMS 0x00000000e5d00000| PB 0x00000000e5d00000| Complete 
|  94|0x00000000e5e00000, 0x00000000e5f00000, 0x00000000e5f00000|100%|HC|  |TAMS 0x00000000e5e00000| PB 0x00000000e5e00000| Complete 
|  95|0x00000000e5f00000, 0x00000000e6000000, 0x00000000e6000000|100%|HC|  |TAMS 0x00000000e5f00000| PB 0x00000000e5f00000| Complete 
|  96|0x00000000e6000000, 0x00000000e6100000, 0x00000000e6100000|100%|HC|  |TAMS 0x00000000e6000000| PB 0x00000000e6000000| Complete 
|  97|0x00000000e6100000, 0x00000000e6200000, 0x00000000e6200000|100%| O|  |TAMS 0x00000000e6100000| PB 0x00000000e6100000| Untracked 
|  98|0x00000000e6200000, 0x00000000e6300000, 0x00000000e6300000|100%| O|  |TAMS 0x00000000e6200000| PB 0x00000000e6200000| Untracked 
|  99|0x00000000e6300000, 0x00000000e6400000, 0x00000000e6400000|100%| O|  |TAMS 0x00000000e6300000| PB 0x00000000e6300000| Untracked 
| 100|0x00000000e6400000, 0x00000000e6500000, 0x00000000e6500000|100%| O|  |TAMS 0x00000000e6400000| PB 0x00000000e6400000| Untracked 
| 101|0x00000000e6500000, 0x00000000e6600000, 0x00000000e6600000|100%|HS|  |TAMS 0x00000000e6500000| PB 0x00000000e6500000| Complete 
| 102|0x00000000e6600000, 0x00000000e6700000, 0x00000000e6700000|100%|HC|  |TAMS 0x00000000e6600000| PB 0x00000000e6600000| Complete 
| 103|0x00000000e6700000, 0x00000000e6800000, 0x00000000e6800000|100%| O|  |TAMS 0x00000000e6700000| PB 0x00000000e6700000| Untracked 
| 104|0x00000000e6800000, 0x00000000e6900000, 0x00000000e6900000|100%| O|  |TAMS 0x00000000e6800000| PB 0x00000000e6800000| Untracked 
| 105|0x00000000e6900000, 0x00000000e6a00000, 0x00000000e6a00000|100%| O|  |TAMS 0x00000000e6900000| PB 0x00000000e6900000| Untracked 
| 106|0x00000000e6a00000, 0x00000000e6a00000, 0x00000000e6b00000|  0%| F|  |TAMS 0x00000000e6a00000| PB 0x00000000e6a00000| Untracked 
| 107|0x00000000e6b00000, 0x00000000e6c00000, 0x00000000e6c00000|100%|HS|  |TAMS 0x00000000e6b00000| PB 0x00000000e6b00000| Complete 
| 108|0x00000000e6c00000, 0x00000000e6d00000, 0x00000000e6d00000|100%| O|  |TAMS 0x00000000e6c00000| PB 0x00000000e6c00000| Untracked 
| 109|0x00000000e6d00000, 0x00000000e6e00000, 0x00000000e6e00000|100%| O|  |TAMS 0x00000000e6d00000| PB 0x00000000e6d00000| Untracked 
| 110|0x00000000e6e00000, 0x00000000e6f00000, 0x00000000e6f00000|100%| O|  |TAMS 0x00000000e6e00000| PB 0x00000000e6e00000| Untracked 
| 111|0x00000000e6f00000, 0x00000000e7000000, 0x00000000e7000000|100%| O|  |TAMS 0x00000000e6f00000| PB 0x00000000e6f00000| Untracked 
| 112|0x00000000e7000000, 0x00000000e7100000, 0x00000000e7100000|100%| O|  |TAMS 0x00000000e7000000| PB 0x00000000e7000000| Untracked 
| 113|0x00000000e7100000, 0x00000000e7200000, 0x00000000e7200000|100%| O|  |TAMS 0x00000000e7100000| PB 0x00000000e7100000| Untracked 
| 114|0x00000000e7200000, 0x00000000e7300000, 0x00000000e7300000|100%| O|  |TAMS 0x00000000e7200000| PB 0x00000000e7200000| Untracked 
| 115|0x00000000e7300000, 0x00000000e7400000, 0x00000000e7400000|100%| O|  |TAMS 0x00000000e7300000| PB 0x00000000e7300000| Untracked 
| 116|0x00000000e7400000, 0x00000000e7500000, 0x00000000e7500000|100%| O|  |TAMS 0x00000000e7400000| PB 0x00000000e7400000| Untracked 
| 117|0x00000000e7500000, 0x00000000e7600000, 0x00000000e7600000|100%| O|  |TAMS 0x00000000e7500000| PB 0x00000000e7500000| Untracked 
| 118|0x00000000e7600000, 0x00000000e7700000, 0x00000000e7700000|100%| O|  |TAMS 0x00000000e7600000| PB 0x00000000e7600000| Untracked 
| 119|0x00000000e7700000, 0x00000000e7800000, 0x00000000e7800000|100%| O|  |TAMS 0x00000000e7700000| PB 0x00000000e7700000| Untracked 
| 120|0x00000000e7800000, 0x00000000e7900000, 0x00000000e7900000|100%| O|  |TAMS 0x00000000e7800000| PB 0x00000000e7800000| Untracked 
| 121|0x00000000e7900000, 0x00000000e7a00000, 0x00000000e7a00000|100%| O|  |TAMS 0x00000000e7900000| PB 0x00000000e7900000| Untracked 
| 122|0x00000000e7a00000, 0x00000000e7b00000, 0x00000000e7b00000|100%| O|  |TAMS 0x00000000e7a00000| PB 0x00000000e7a00000| Untracked 
| 123|0x00000000e7b00000, 0x00000000e7c00000, 0x00000000e7c00000|100%| O|  |TAMS 0x00000000e7b00000| PB 0x00000000e7b00000| Untracked 
| 124|0x00000000e7c00000, 0x00000000e7d00000, 0x00000000e7d00000|100%| O|  |TAMS 0x00000000e7c00000| PB 0x00000000e7c00000| Untracked 
| 125|0x00000000e7d00000, 0x00000000e7e00000, 0x00000000e7e00000|100%| O|  |TAMS 0x00000000e7d00000| PB 0x00000000e7d00000| Untracked 
| 126|0x00000000e7e00000, 0x00000000e7e00000, 0x00000000e7f00000|  0%| F|  |TAMS 0x00000000e7e00000| PB 0x00000000e7e00000| Untracked 
| 127|0x00000000e7f00000, 0x00000000e7fb6960, 0x00000000e8000000| 71%| O|  |TAMS 0x00000000e7f00000| PB 0x00000000e7f00000| Untracked 
| 128|0x00000000e8000000, 0x00000000e8100000, 0x00000000e8100000|100%| S|CS|TAMS 0x00000000e8000000| PB 0x00000000e8000000| Complete 
| 129|0x00000000e8100000, 0x00000000e8200000, 0x00000000e8200000|100%| O|  |TAMS 0x00000000e8100000| PB 0x00000000e8100000| Untracked 
| 130|0x00000000e8200000, 0x00000000e8300000, 0x00000000e8300000|100%| S|CS|TAMS 0x00000000e8200000| PB 0x00000000e8200000| Complete 
| 131|0x00000000e8300000, 0x00000000e8400000, 0x00000000e8400000|100%| S|CS|TAMS 0x00000000e8300000| PB 0x00000000e8300000| Complete 
| 132|0x00000000e8400000, 0x00000000e8400000, 0x00000000e8500000|  0%| F|  |TAMS 0x00000000e8400000| PB 0x00000000e8400000| Untracked 
| 133|0x00000000e8500000, 0x00000000e8600000, 0x00000000e8600000|100%| O|  |TAMS 0x00000000e8500000| PB 0x00000000e8500000| Untracked 
| 134|0x00000000e8600000, 0x00000000e8700000, 0x00000000e8700000|100%| S|CS|TAMS 0x00000000e8600000| PB 0x00000000e8600000| Complete 
| 135|0x00000000e8700000, 0x00000000e8800000, 0x00000000e8800000|100%| S|CS|TAMS 0x00000000e8700000| PB 0x00000000e8700000| Complete 
| 136|0x00000000e8800000, 0x00000000e8900000, 0x00000000e8900000|100%| S|CS|TAMS 0x00000000e8800000| PB 0x00000000e8800000| Complete 
| 137|0x00000000e8900000, 0x00000000e8a00000, 0x00000000e8a00000|100%| S|CS|TAMS 0x00000000e8900000| PB 0x00000000e8900000| Complete 
| 138|0x00000000e8a00000, 0x00000000e8b00000, 0x00000000e8b00000|100%| S|CS|TAMS 0x00000000e8a00000| PB 0x00000000e8a00000| Complete 
| 139|0x00000000e8b00000, 0x00000000e8c00000, 0x00000000e8c00000|100%| S|CS|TAMS 0x00000000e8b00000| PB 0x00000000e8b00000| Complete 
| 140|0x00000000e8c00000, 0x00000000e8d00000, 0x00000000e8d00000|100%| S|CS|TAMS 0x00000000e8c00000| PB 0x00000000e8c00000| Complete 
| 141|0x00000000e8d00000, 0x00000000e8e00000, 0x00000000e8e00000|100%| S|CS|TAMS 0x00000000e8d00000| PB 0x00000000e8d00000| Complete 
| 142|0x00000000e8e00000, 0x00000000e8f00000, 0x00000000e8f00000|100%| S|CS|TAMS 0x00000000e8e00000| PB 0x00000000e8e00000| Complete 
| 143|0x00000000e8f00000, 0x00000000e9000000, 0x00000000e9000000|100%| S|CS|TAMS 0x00000000e8f00000| PB 0x00000000e8f00000| Complete 
| 144|0x00000000e9000000, 0x00000000e9100000, 0x00000000e9100000|100%| S|CS|TAMS 0x00000000e9000000| PB 0x00000000e9000000| Complete 
| 145|0x00000000e9100000, 0x00000000e9100000, 0x00000000e9200000|  0%| F|  |TAMS 0x00000000e9100000| PB 0x00000000e9100000| Untracked 
| 146|0x00000000e9200000, 0x00000000e9200000, 0x00000000e9300000|  0%| F|  |TAMS 0x00000000e9200000| PB 0x00000000e9200000| Untracked 
| 147|0x00000000e9300000, 0x00000000e9300000, 0x00000000e9400000|  0%| F|  |TAMS 0x00000000e9300000| PB 0x00000000e9300000| Untracked 
| 148|0x00000000e9400000, 0x00000000e9500000, 0x00000000e9500000|100%| O|  |TAMS 0x00000000e9400000| PB 0x00000000e9400000| Untracked 
| 149|0x00000000e9500000, 0x00000000e9600000, 0x00000000e9600000|100%| O|  |TAMS 0x00000000e9500000| PB 0x00000000e9500000| Untracked 
| 150|0x00000000e9600000, 0x00000000e9700000, 0x00000000e9700000|100%| O|  |TAMS 0x00000000e9600000| PB 0x00000000e9600000| Untracked 
| 151|0x00000000e9700000, 0x00000000e9800000, 0x00000000e9800000|100%| O|  |TAMS 0x00000000e9700000| PB 0x00000000e9700000| Untracked 
| 152|0x00000000e9800000, 0x00000000e9800000, 0x00000000e9900000|  0%| F|  |TAMS 0x00000000e9800000| PB 0x00000000e9800000| Untracked 
| 153|0x00000000e9900000, 0x00000000e9900000, 0x00000000e9a00000|  0%| F|  |TAMS 0x00000000e9900000| PB 0x00000000e9900000| Untracked 
| 154|0x00000000e9a00000, 0x00000000e9b00000, 0x00000000e9b00000|100%| O|  |TAMS 0x00000000e9a00000| PB 0x00000000e9a00000| Untracked 
| 155|0x00000000e9b00000, 0x00000000e9b00000, 0x00000000e9c00000|  0%| F|  |TAMS 0x00000000e9b00000| PB 0x00000000e9b00000| Untracked 
| 156|0x00000000e9c00000, 0x00000000e9c00000, 0x00000000e9d00000|  0%| F|  |TAMS 0x00000000e9c00000| PB 0x00000000e9c00000| Untracked 
| 157|0x00000000e9d00000, 0x00000000e9d00000, 0x00000000e9e00000|  0%| F|  |TAMS 0x00000000e9d00000| PB 0x00000000e9d00000| Untracked 
| 158|0x00000000e9e00000, 0x00000000e9e00000, 0x00000000e9f00000|  0%| F|  |TAMS 0x00000000e9e00000| PB 0x00000000e9e00000| Untracked 
| 159|0x00000000e9f00000, 0x00000000e9f00000, 0x00000000ea000000|  0%| F|  |TAMS 0x00000000e9f00000| PB 0x00000000e9f00000| Untracked 
| 160|0x00000000ea000000, 0x00000000ea000000, 0x00000000ea100000|  0%| F|  |TAMS 0x00000000ea000000| PB 0x00000000ea000000| Untracked 
| 161|0x00000000ea100000, 0x00000000ea100000, 0x00000000ea200000|  0%| F|  |TAMS 0x00000000ea100000| PB 0x00000000ea100000| Untracked 
| 162|0x00000000ea200000, 0x00000000ea200000, 0x00000000ea300000|  0%| F|  |TAMS 0x00000000ea200000| PB 0x00000000ea200000| Untracked 
| 163|0x00000000ea300000, 0x00000000ea300000, 0x00000000ea400000|  0%| F|  |TAMS 0x00000000ea300000| PB 0x00000000ea300000| Untracked 
| 164|0x00000000ea400000, 0x00000000ea400000, 0x00000000ea500000|  0%| F|  |TAMS 0x00000000ea400000| PB 0x00000000ea400000| Untracked 
| 165|0x00000000ea500000, 0x00000000ea500000, 0x00000000ea600000|  0%| F|  |TAMS 0x00000000ea500000| PB 0x00000000ea500000| Untracked 
| 166|0x00000000ea600000, 0x00000000ea600000, 0x00000000ea700000|  0%| F|  |TAMS 0x00000000ea600000| PB 0x00000000ea600000| Untracked 
| 167|0x00000000ea700000, 0x00000000ea700000, 0x00000000ea800000|  0%| F|  |TAMS 0x00000000ea700000| PB 0x00000000ea700000| Untracked 
| 168|0x00000000ea800000, 0x00000000ea800000, 0x00000000ea900000|  0%| F|  |TAMS 0x00000000ea800000| PB 0x00000000ea800000| Untracked 
| 169|0x00000000ea900000, 0x00000000ea900000, 0x00000000eaa00000|  0%| F|  |TAMS 0x00000000ea900000| PB 0x00000000ea900000| Untracked 
| 170|0x00000000eaa00000, 0x00000000eaa00000, 0x00000000eab00000|  0%| F|  |TAMS 0x00000000eaa00000| PB 0x00000000eaa00000| Untracked 
| 171|0x00000000eab00000, 0x00000000eab00000, 0x00000000eac00000|  0%| F|  |TAMS 0x00000000eab00000| PB 0x00000000eab00000| Untracked 
| 172|0x00000000eac00000, 0x00000000eac00000, 0x00000000ead00000|  0%| F|  |TAMS 0x00000000eac00000| PB 0x00000000eac00000| Untracked 
| 173|0x00000000ead00000, 0x00000000ead00000, 0x00000000eae00000|  0%| F|  |TAMS 0x00000000ead00000| PB 0x00000000ead00000| Untracked 
| 174|0x00000000eae00000, 0x00000000eae00000, 0x00000000eaf00000|  0%| F|  |TAMS 0x00000000eae00000| PB 0x00000000eae00000| Untracked 
| 175|0x00000000eaf00000, 0x00000000eaf00000, 0x00000000eb000000|  0%| F|  |TAMS 0x00000000eaf00000| PB 0x00000000eaf00000| Untracked 
| 176|0x00000000eb000000, 0x00000000eb000000, 0x00000000eb100000|  0%| F|  |TAMS 0x00000000eb000000| PB 0x00000000eb000000| Untracked 
| 177|0x00000000eb100000, 0x00000000eb100000, 0x00000000eb200000|  0%| F|  |TAMS 0x00000000eb100000| PB 0x00000000eb100000| Untracked 
| 178|0x00000000eb200000, 0x00000000eb200000, 0x00000000eb300000|  0%| F|  |TAMS 0x00000000eb200000| PB 0x00000000eb200000| Untracked 
| 179|0x00000000eb300000, 0x00000000eb300000, 0x00000000eb400000|  0%| F|  |TAMS 0x00000000eb300000| PB 0x00000000eb300000| Untracked 
| 180|0x00000000eb400000, 0x00000000eb400000, 0x00000000eb500000|  0%| F|  |TAMS 0x00000000eb400000| PB 0x00000000eb400000| Untracked 
| 181|0x00000000eb500000, 0x00000000eb500000, 0x00000000eb600000|  0%| F|  |TAMS 0x00000000eb500000| PB 0x00000000eb500000| Untracked 
| 182|0x00000000eb600000, 0x00000000eb600000, 0x00000000eb700000|  0%| F|  |TAMS 0x00000000eb600000| PB 0x00000000eb600000| Untracked 
| 183|0x00000000eb700000, 0x00000000eb700000, 0x00000000eb800000|  0%| F|  |TAMS 0x00000000eb700000| PB 0x00000000eb700000| Untracked 
| 184|0x00000000eb800000, 0x00000000eb800000, 0x00000000eb900000|  0%| F|  |TAMS 0x00000000eb800000| PB 0x00000000eb800000| Untracked 
| 185|0x00000000eb900000, 0x00000000eb900000, 0x00000000eba00000|  0%| F|  |TAMS 0x00000000eb900000| PB 0x00000000eb900000| Untracked 
| 186|0x00000000eba00000, 0x00000000eba00000, 0x00000000ebb00000|  0%| F|  |TAMS 0x00000000eba00000| PB 0x00000000eba00000| Untracked 
| 187|0x00000000ebb00000, 0x00000000ebb00000, 0x00000000ebc00000|  0%| F|  |TAMS 0x00000000ebb00000| PB 0x00000000ebb00000| Untracked 
| 188|0x00000000ebc00000, 0x00000000ebc00000, 0x00000000ebd00000|  0%| F|  |TAMS 0x00000000ebc00000| PB 0x00000000ebc00000| Untracked 
| 189|0x00000000ebd00000, 0x00000000ebd00000, 0x00000000ebe00000|  0%| F|  |TAMS 0x00000000ebd00000| PB 0x00000000ebd00000| Untracked 
| 190|0x00000000ebe00000, 0x00000000ebe00000, 0x00000000ebf00000|  0%| F|  |TAMS 0x00000000ebe00000| PB 0x00000000ebe00000| Untracked 
| 191|0x00000000ebf00000, 0x00000000ebf00000, 0x00000000ec000000|  0%| F|  |TAMS 0x00000000ebf00000| PB 0x00000000ebf00000| Untracked 
| 192|0x00000000ec000000, 0x00000000ec000000, 0x00000000ec100000|  0%| F|  |TAMS 0x00000000ec000000| PB 0x00000000ec000000| Untracked 
| 193|0x00000000ec100000, 0x00000000ec100000, 0x00000000ec200000|  0%| F|  |TAMS 0x00000000ec100000| PB 0x00000000ec100000| Untracked 
| 194|0x00000000ec200000, 0x00000000ec200000, 0x00000000ec300000|  0%| F|  |TAMS 0x00000000ec200000| PB 0x00000000ec200000| Untracked 
| 195|0x00000000ec300000, 0x00000000ec300000, 0x00000000ec400000|  0%| F|  |TAMS 0x00000000ec300000| PB 0x00000000ec300000| Untracked 
| 196|0x00000000ec400000, 0x00000000ec400000, 0x00000000ec500000|  0%| F|  |TAMS 0x00000000ec400000| PB 0x00000000ec400000| Untracked 
| 197|0x00000000ec500000, 0x00000000ec500000, 0x00000000ec600000|  0%| F|  |TAMS 0x00000000ec500000| PB 0x00000000ec500000| Untracked 
| 198|0x00000000ec600000, 0x00000000ec600000, 0x00000000ec700000|  0%| F|  |TAMS 0x00000000ec600000| PB 0x00000000ec600000| Untracked 
| 199|0x00000000ec700000, 0x00000000ec700000, 0x00000000ec800000|  0%| F|  |TAMS 0x00000000ec700000| PB 0x00000000ec700000| Untracked 
| 200|0x00000000ec800000, 0x00000000ec800000, 0x00000000ec900000|  0%| F|  |TAMS 0x00000000ec800000| PB 0x00000000ec800000| Untracked 
| 201|0x00000000ec900000, 0x00000000ec900000, 0x00000000eca00000|  0%| F|  |TAMS 0x00000000ec900000| PB 0x00000000ec900000| Untracked 
| 202|0x00000000eca00000, 0x00000000eca00000, 0x00000000ecb00000|  0%| F|  |TAMS 0x00000000eca00000| PB 0x00000000eca00000| Untracked 
| 203|0x00000000ecb00000, 0x00000000ecb00000, 0x00000000ecc00000|  0%| F|  |TAMS 0x00000000ecb00000| PB 0x00000000ecb00000| Untracked 
| 204|0x00000000ecc00000, 0x00000000ecc00000, 0x00000000ecd00000|  0%| F|  |TAMS 0x00000000ecc00000| PB 0x00000000ecc00000| Untracked 
| 205|0x00000000ecd00000, 0x00000000ecd00000, 0x00000000ece00000|  0%| F|  |TAMS 0x00000000ecd00000| PB 0x00000000ecd00000| Untracked 
| 206|0x00000000ece00000, 0x00000000ece00000, 0x00000000ecf00000|  0%| F|  |TAMS 0x00000000ece00000| PB 0x00000000ece00000| Untracked 
| 207|0x00000000ecf00000, 0x00000000ecf00000, 0x00000000ed000000|  0%| F|  |TAMS 0x00000000ecf00000| PB 0x00000000ecf00000| Untracked 
| 208|0x00000000ed000000, 0x00000000ed000000, 0x00000000ed100000|  0%| F|  |TAMS 0x00000000ed000000| PB 0x00000000ed000000| Untracked 
| 209|0x00000000ed100000, 0x00000000ed100000, 0x00000000ed200000|  0%| F|  |TAMS 0x00000000ed100000| PB 0x00000000ed100000| Untracked 
| 210|0x00000000ed200000, 0x00000000ed200000, 0x00000000ed300000|  0%| F|  |TAMS 0x00000000ed200000| PB 0x00000000ed200000| Untracked 
| 211|0x00000000ed300000, 0x00000000ed300000, 0x00000000ed400000|  0%| F|  |TAMS 0x00000000ed300000| PB 0x00000000ed300000| Untracked 
| 212|0x00000000ed400000, 0x00000000ed400000, 0x00000000ed500000|  0%| F|  |TAMS 0x00000000ed400000| PB 0x00000000ed400000| Untracked 
| 213|0x00000000ed500000, 0x00000000ed500000, 0x00000000ed600000|  0%| F|  |TAMS 0x00000000ed500000| PB 0x00000000ed500000| Untracked 
| 214|0x00000000ed600000, 0x00000000ed600000, 0x00000000ed700000|  0%| F|  |TAMS 0x00000000ed600000| PB 0x00000000ed600000| Untracked 
| 215|0x00000000ed700000, 0x00000000ed700000, 0x00000000ed800000|  0%| F|  |TAMS 0x00000000ed700000| PB 0x00000000ed700000| Untracked 
| 216|0x00000000ed800000, 0x00000000ed800000, 0x00000000ed900000|  0%| F|  |TAMS 0x00000000ed800000| PB 0x00000000ed800000| Untracked 
| 217|0x00000000ed900000, 0x00000000ed900000, 0x00000000eda00000|  0%| F|  |TAMS 0x00000000ed900000| PB 0x00000000ed900000| Untracked 
| 218|0x00000000eda00000, 0x00000000eda00000, 0x00000000edb00000|  0%| F|  |TAMS 0x00000000eda00000| PB 0x00000000eda00000| Untracked 
| 219|0x00000000edb00000, 0x00000000edb00000, 0x00000000edc00000|  0%| F|  |TAMS 0x00000000edb00000| PB 0x00000000edb00000| Untracked 
| 220|0x00000000edc00000, 0x00000000edc00000, 0x00000000edd00000|  0%| F|  |TAMS 0x00000000edc00000| PB 0x00000000edc00000| Untracked 
| 221|0x00000000edd00000, 0x00000000edd00000, 0x00000000ede00000|  0%| F|  |TAMS 0x00000000edd00000| PB 0x00000000edd00000| Untracked 
| 222|0x00000000ede00000, 0x00000000ede00000, 0x00000000edf00000|  0%| F|  |TAMS 0x00000000ede00000| PB 0x00000000ede00000| Untracked 
| 223|0x00000000edf00000, 0x00000000edf00000, 0x00000000ee000000|  0%| F|  |TAMS 0x00000000edf00000| PB 0x00000000edf00000| Untracked 
| 224|0x00000000ee000000, 0x00000000ee000000, 0x00000000ee100000|  0%| F|  |TAMS 0x00000000ee000000| PB 0x00000000ee000000| Untracked 
| 225|0x00000000ee100000, 0x00000000ee100000, 0x00000000ee200000|  0%| F|  |TAMS 0x00000000ee100000| PB 0x00000000ee100000| Untracked 
| 226|0x00000000ee200000, 0x00000000ee200000, 0x00000000ee300000|  0%| F|  |TAMS 0x00000000ee200000| PB 0x00000000ee200000| Untracked 
| 227|0x00000000ee300000, 0x00000000ee300000, 0x00000000ee400000|  0%| F|  |TAMS 0x00000000ee300000| PB 0x00000000ee300000| Untracked 
| 228|0x00000000ee400000, 0x00000000ee400000, 0x00000000ee500000|  0%| F|  |TAMS 0x00000000ee400000| PB 0x00000000ee400000| Untracked 
| 229|0x00000000ee500000, 0x00000000ee500000, 0x00000000ee600000|  0%| F|  |TAMS 0x00000000ee500000| PB 0x00000000ee500000| Untracked 
| 230|0x00000000ee600000, 0x00000000ee600000, 0x00000000ee700000|  0%| F|  |TAMS 0x00000000ee600000| PB 0x00000000ee600000| Untracked 
| 231|0x00000000ee700000, 0x00000000ee700000, 0x00000000ee800000|  0%| F|  |TAMS 0x00000000ee700000| PB 0x00000000ee700000| Untracked 
| 232|0x00000000ee800000, 0x00000000ee800000, 0x00000000ee900000|  0%| F|  |TAMS 0x00000000ee800000| PB 0x00000000ee800000| Untracked 
| 233|0x00000000ee900000, 0x00000000ee900000, 0x00000000eea00000|  0%| F|  |TAMS 0x00000000ee900000| PB 0x00000000ee900000| Untracked 
| 234|0x00000000eea00000, 0x00000000eea00000, 0x00000000eeb00000|  0%| F|  |TAMS 0x00000000eea00000| PB 0x00000000eea00000| Untracked 
| 235|0x00000000eeb00000, 0x00000000eeb00000, 0x00000000eec00000|  0%| F|  |TAMS 0x00000000eeb00000| PB 0x00000000eeb00000| Untracked 
| 236|0x00000000eec00000, 0x00000000eec00000, 0x00000000eed00000|  0%| F|  |TAMS 0x00000000eec00000| PB 0x00000000eec00000| Untracked 
| 237|0x00000000eed00000, 0x00000000eed00000, 0x00000000eee00000|  0%| F|  |TAMS 0x00000000eed00000| PB 0x00000000eed00000| Untracked 
| 238|0x00000000eee00000, 0x00000000eee00000, 0x00000000eef00000|  0%| F|  |TAMS 0x00000000eee00000| PB 0x00000000eee00000| Untracked 
| 239|0x00000000eef00000, 0x00000000eef00000, 0x00000000ef000000|  0%| F|  |TAMS 0x00000000eef00000| PB 0x00000000eef00000| Untracked 
| 240|0x00000000ef000000, 0x00000000ef000000, 0x00000000ef100000|  0%| F|  |TAMS 0x00000000ef000000| PB 0x00000000ef000000| Untracked 
| 241|0x00000000ef100000, 0x00000000ef100000, 0x00000000ef200000|  0%| F|  |TAMS 0x00000000ef100000| PB 0x00000000ef100000| Untracked 
| 242|0x00000000ef200000, 0x00000000ef200000, 0x00000000ef300000|  0%| F|  |TAMS 0x00000000ef200000| PB 0x00000000ef200000| Untracked 
| 243|0x00000000ef300000, 0x00000000ef300000, 0x00000000ef400000|  0%| F|  |TAMS 0x00000000ef300000| PB 0x00000000ef300000| Untracked 
| 244|0x00000000ef400000, 0x00000000ef400000, 0x00000000ef500000|  0%| F|  |TAMS 0x00000000ef400000| PB 0x00000000ef400000| Untracked 
| 245|0x00000000ef500000, 0x00000000ef500000, 0x00000000ef600000|  0%| F|  |TAMS 0x00000000ef500000| PB 0x00000000ef500000| Untracked 
| 246|0x00000000ef600000, 0x00000000ef600000, 0x00000000ef700000|  0%| F|  |TAMS 0x00000000ef600000| PB 0x00000000ef600000| Untracked 
| 247|0x00000000ef700000, 0x00000000ef700000, 0x00000000ef800000|  0%| F|  |TAMS 0x00000000ef700000| PB 0x00000000ef700000| Untracked 
| 248|0x00000000ef800000, 0x00000000ef800000, 0x00000000ef900000|  0%| F|  |TAMS 0x00000000ef800000| PB 0x00000000ef800000| Untracked 
| 249|0x00000000ef900000, 0x00000000ef900000, 0x00000000efa00000|  0%| F|  |TAMS 0x00000000ef900000| PB 0x00000000ef900000| Untracked 
| 250|0x00000000efa00000, 0x00000000efa00000, 0x00000000efb00000|  0%| F|  |TAMS 0x00000000efa00000| PB 0x00000000efa00000| Untracked 
| 251|0x00000000efb00000, 0x00000000efb00000, 0x00000000efc00000|  0%| F|  |TAMS 0x00000000efb00000| PB 0x00000000efb00000| Untracked 
| 252|0x00000000efc00000, 0x00000000efc00000, 0x00000000efd00000|  0%| F|  |TAMS 0x00000000efc00000| PB 0x00000000efc00000| Untracked 
| 253|0x00000000efd00000, 0x00000000efd00000, 0x00000000efe00000|  0%| F|  |TAMS 0x00000000efd00000| PB 0x00000000efd00000| Untracked 
| 254|0x00000000efe00000, 0x00000000efe00000, 0x00000000eff00000|  0%| F|  |TAMS 0x00000000efe00000| PB 0x00000000efe00000| Untracked 
| 255|0x00000000eff00000, 0x00000000eff00000, 0x00000000f0000000|  0%| F|  |TAMS 0x00000000eff00000| PB 0x00000000eff00000| Untracked 
| 256|0x00000000f0000000, 0x00000000f0000000, 0x00000000f0100000|  0%| F|  |TAMS 0x00000000f0000000| PB 0x00000000f0000000| Untracked 
| 257|0x00000000f0100000, 0x00000000f0100000, 0x00000000f0200000|  0%| F|  |TAMS 0x00000000f0100000| PB 0x00000000f0100000| Untracked 
| 258|0x00000000f0200000, 0x00000000f0300000, 0x00000000f0300000|100%| E|  |TAMS 0x00000000f0200000| PB 0x00000000f0200000| Complete 
| 259|0x00000000f0300000, 0x00000000f0400000, 0x00000000f0400000|100%| E|CS|TAMS 0x00000000f0300000| PB 0x00000000f0300000| Complete 
| 260|0x00000000f0400000, 0x00000000f0500000, 0x00000000f0500000|100%| E|CS|TAMS 0x00000000f0400000| PB 0x00000000f0400000| Complete 
| 261|0x00000000f0500000, 0x00000000f0600000, 0x00000000f0600000|100%| E|CS|TAMS 0x00000000f0500000| PB 0x00000000f0500000| Complete 
| 262|0x00000000f0600000, 0x00000000f0700000, 0x00000000f0700000|100%| E|CS|TAMS 0x00000000f0600000| PB 0x00000000f0600000| Complete 
| 263|0x00000000f0700000, 0x00000000f0800000, 0x00000000f0800000|100%| E|CS|TAMS 0x00000000f0700000| PB 0x00000000f0700000| Complete 
| 264|0x00000000f0800000, 0x00000000f0900000, 0x00000000f0900000|100%| E|CS|TAMS 0x00000000f0800000| PB 0x00000000f0800000| Complete 
| 265|0x00000000f0900000, 0x00000000f0a00000, 0x00000000f0a00000|100%| E|CS|TAMS 0x00000000f0900000| PB 0x00000000f0900000| Complete 
| 266|0x00000000f0a00000, 0x00000000f0b00000, 0x00000000f0b00000|100%| E|CS|TAMS 0x00000000f0a00000| PB 0x00000000f0a00000| Complete 
| 267|0x00000000f0b00000, 0x00000000f0c00000, 0x00000000f0c00000|100%| E|CS|TAMS 0x00000000f0b00000| PB 0x00000000f0b00000| Complete 
| 268|0x00000000f0c00000, 0x00000000f0d00000, 0x00000000f0d00000|100%| E|CS|TAMS 0x00000000f0c00000| PB 0x00000000f0c00000| Complete 
| 269|0x00000000f0d00000, 0x00000000f0e00000, 0x00000000f0e00000|100%| E|CS|TAMS 0x00000000f0d00000| PB 0x00000000f0d00000| Complete 
| 270|0x00000000f0e00000, 0x00000000f0f00000, 0x00000000f0f00000|100%| E|CS|TAMS 0x00000000f0e00000| PB 0x00000000f0e00000| Complete 
| 271|0x00000000f0f00000, 0x00000000f1000000, 0x00000000f1000000|100%| E|CS|TAMS 0x00000000f0f00000| PB 0x00000000f0f00000| Complete 
| 272|0x00000000f1000000, 0x00000000f1100000, 0x00000000f1100000|100%| E|  |TAMS 0x00000000f1000000| PB 0x00000000f1000000| Complete 
| 273|0x00000000f1100000, 0x00000000f1200000, 0x00000000f1200000|100%| E|CS|TAMS 0x00000000f1100000| PB 0x00000000f1100000| Complete 
| 274|0x00000000f1200000, 0x00000000f1300000, 0x00000000f1300000|100%| E|CS|TAMS 0x00000000f1200000| PB 0x00000000f1200000| Complete 
| 275|0x00000000f1300000, 0x00000000f1400000, 0x00000000f1400000|100%| E|CS|TAMS 0x00000000f1300000| PB 0x00000000f1300000| Complete 
| 276|0x00000000f1400000, 0x00000000f1500000, 0x00000000f1500000|100%| E|CS|TAMS 0x00000000f1400000| PB 0x00000000f1400000| Complete 
| 277|0x00000000f1500000, 0x00000000f1580000, 0x00000000f1600000| 50%| S|CS|TAMS 0x00000000f1500000| PB 0x00000000f1500000| Complete 

Card table byte_map: [0x0000019da3070000,0x0000019da3170000] _byte_map_base: 0x0000019da2970000

Marking Bits: (CMBitMap*) 0x0000019d8bc03450
 Bits: [0x0000019da3170000, 0x0000019da3970000)

Polling page: 0x0000019d8b320000

Metaspace:

Usage:
  Non-class:     88.26 MB used.
      Class:     13.29 MB used.
       Both:    101.55 MB used.

Virtual space:
  Non-class space:      128.00 MB reserved,      89.06 MB ( 70%) committed,  2 nodes.
      Class space:      320.00 MB reserved,      14.06 MB (  4%) committed,  1 nodes.
             Both:      448.00 MB reserved,     103.12 MB ( 23%) committed. 

Chunk freelists:
   Non-Class:  6.79 MB
       Class:  1.84 MB
        Both:  8.63 MB

MaxMetaspaceSize: 384.00 MB
CompressedClassSpaceSize: 320.00 MB
Initial GC threshold: 21.00 MB
Current GC threshold: 154.00 MB
CDS: on
 - commit_granule_bytes: 65536.
 - commit_granule_words: 8192.
 - virtual_space_node_default_size: 8388608.
 - enlarge_chunks_in_place: 1.
 - use_allocation_guard: 0.


Internal statistics:

num_allocs_failed_limit: 15.
num_arena_births: 4936.
num_arena_deaths: 2382.
num_vsnodes_births: 3.
num_vsnodes_deaths: 0.
num_space_committed: 1678.
num_space_uncommitted: 17.
num_chunks_returned_to_freelist: 2869.
num_chunks_taken_from_freelist: 11058.
num_chunk_merges: 1012.
num_chunk_splits: 6260.
num_chunks_enlarged: 3726.
num_inconsistent_stats: 0.

CodeHeap 'non-profiled nmethods': size=120000Kb used=14048Kb max_used=14048Kb free=105951Kb
 bounds [0x0000019d9bb40000, 0x0000019d9c900000, 0x0000019da3070000]
CodeHeap 'profiled nmethods': size=120000Kb used=28609Kb max_used=31616Kb free=91391Kb
 bounds [0x0000019d94070000, 0x0000019d95f60000, 0x0000019d9b5a0000]
CodeHeap 'non-nmethods': size=5760Kb used=2916Kb max_used=3005Kb free=2843Kb
 bounds [0x0000019d9b5a0000, 0x0000019d9b8a0000, 0x0000019d9bb40000]
 total_blobs=14969 nmethods=13967 adapters=904
 compilation: enabled
              stopped_count=0, restarted_count=0
 full_count=0

Compilation events (20 events):
Event: 2242.956 Thread 0x0000019da5fa99f0 nmethod 24224 0x0000019d9c8efb90 code [0x0000019d9c8efd20, 0x0000019d9c8efdf0]
Event: 2242.958 Thread 0x0000019da5f9bb70 24225   !   4       java.io.PrintStream::flush (60 bytes)
Event: 2242.981 Thread 0x0000019da5f9bb70 nmethod 24225 0x0000019d9c8efe90 code [0x0000019d9c8f00a0, 0x0000019d9c8f0840]
Event: 2242.982 Thread 0x0000019da5f9bb70 24226   !   4       java.io.PrintStream::implFlush (21 bytes)
Event: 2242.984 Thread 0x0000019da5f9bb70 nmethod 24226 0x0000019d9c8f0d10 code [0x0000019d9c8f0ea0, 0x0000019d9c8f0fa8]
Event: 2248.866 Thread 0x0000019da5f9bb70 24227       4       java.security.MessageDigest::update (11 bytes)
Event: 2248.872 Thread 0x0000019da5fa99f0 24228       3       org.gradle.internal.concurrent.ThreadFactoryImpl::<init> (26 bytes)
Event: 2248.872 Thread 0x0000019da5fa99f0 nmethod 24228 0x0000019d951eec90 code [0x0000019d951eee60, 0x0000019d951ef250]
Event: 2248.872 Thread 0x0000019da5fa99f0 24229       3       org.gradle.internal.concurrent.AbstractManagedExecutor::<init> (22 bytes)
Event: 2248.873 Thread 0x0000019da5fa99f0 nmethod 24229 0x0000019d951ee390 code [0x0000019d951ee580, 0x0000019d951eea90]
Event: 2248.873 Thread 0x0000019da5fa99f0 24230       3       org.gradle.internal.concurrent.AbstractDelegatingExecutorService::<init> (10 bytes)
Event: 2248.873 Thread 0x0000019da5fa99f0 nmethod 24230 0x0000019d951ede90 code [0x0000019d951ee040, 0x0000019d951ee260]
Event: 2248.877 Thread 0x0000019da5fa99f0 24231       3       org.gradle.internal.concurrent.DefaultExecutorFactory::newThreadFactory (13 bytes)
Event: 2248.877 Thread 0x0000019da5fa99f0 nmethod 24231 0x0000019d951ed690 code [0x0000019d951ed860, 0x0000019d951edd20]
Event: 2248.880 Thread 0x0000019da5fa99f0 24233       2       java.text.DecimalFormat::subformatNumber (1173 bytes)
Event: 2248.883 Thread 0x0000019da5f9bb70 nmethod 24227 0x0000019d9c8f1090 code [0x0000019d9c8f1300, 0x0000019d9c8f2160]
Event: 2248.883 Thread 0x0000019da5f9bb70 24234       4       java.lang.Thread::getId (5 bytes)
Event: 2248.883 Thread 0x0000019da5f9bb70 nmethod 24234 0x0000019d9c8f2890 code [0x0000019d9c8f2a20, 0x0000019d9c8f2ab0]
Event: 2248.883 Thread 0x0000019da5f9bb70 24232       4       java.lang.Class::getSimpleName (36 bytes)
Event: 2248.887 Thread 0x0000019da5f9bb70 nmethod 24232 0x0000019d9c8f2f90 code [0x0000019d9c8f3140, 0x0000019d9c8f3478]

GC Heap History (20 events):
Event: 1580.125 GC heap before
{Heap before GC invocations=28 (full 0):
 garbage-first heap   total 283648K, used 255676K [0x00000000e0000000, 0x0000000100000000)
  region size 1024K, 131 young (134144K), 7 survivors (7168K)
 Metaspace       used 89139K, committed 94592K, reserved 458752K
  class space    used 11812K, committed 14016K, reserved 327680K
}
Event: 1580.141 GC heap after
{Heap after GC invocations=29 (full 0):
 garbage-first heap   total 283648K, used 126652K [0x00000000e0000000, 0x0000000100000000)
  region size 1024K, 4 young (4096K), 4 survivors (4096K)
 Metaspace       used 89139K, committed 94592K, reserved 458752K
  class space    used 11812K, committed 14016K, reserved 327680K
}
Event: 1665.672 GC heap before
{Heap before GC invocations=30 (full 0):
 garbage-first heap   total 283648K, used 255676K [0x00000000e0000000, 0x0000000100000000)
  region size 1024K, 133 young (136192K), 4 survivors (4096K)
 Metaspace       used 89312K, committed 94656K, reserved 458752K
  class space    used 11815K, committed 14016K, reserved 327680K
}
Event: 1665.682 GC heap after
{Heap after GC invocations=31 (full 0):
 garbage-first heap   total 283648K, used 124604K [0x00000000e0000000, 0x0000000100000000)
  region size 1024K, 4 young (4096K), 4 survivors (4096K)
 Metaspace       used 89312K, committed 94656K, reserved 458752K
  class space    used 11815K, committed 14016K, reserved 327680K
}
Event: 1710.913 GC heap before
{Heap before GC invocations=31 (full 0):
 garbage-first heap   total 283648K, used 259772K [0x00000000e0000000, 0x0000000100000000)
  region size 1024K, 137 young (140288K), 4 survivors (4096K)
 Metaspace       used 89415K, committed 94656K, reserved 458752K
  class space    used 11822K, committed 14016K, reserved 327680K
}
Event: 1710.924 GC heap after
{Heap after GC invocations=32 (full 0):
 garbage-first heap   total 283648K, used 115977K [0x00000000e0000000, 0x0000000100000000)
  region size 1024K, 2 young (2048K), 2 survivors (2048K)
 Metaspace       used 89415K, committed 94656K, reserved 458752K
  class space    used 11822K, committed 14016K, reserved 327680K
}
Event: 1756.755 GC heap before
{Heap before GC invocations=32 (full 0):
 garbage-first heap   total 283648K, used 262409K [0x00000000e0000000, 0x0000000100000000)
  region size 1024K, 146 young (149504K), 2 survivors (2048K)
 Metaspace       used 89553K, committed 94656K, reserved 458752K
  class space    used 11827K, committed 14016K, reserved 327680K
}
Event: 1756.762 GC heap after
{Heap after GC invocations=33 (full 0):
 garbage-first heap   total 283648K, used 116449K [0x00000000e0000000, 0x0000000100000000)
  region size 1024K, 2 young (2048K), 2 survivors (2048K)
 Metaspace       used 89553K, committed 94656K, reserved 458752K
  class space    used 11827K, committed 14016K, reserved 327680K
}
Event: 1761.950 GC heap before
{Heap before GC invocations=34 (full 0):
 garbage-first heap   total 283648K, used 265953K [0x00000000e0000000, 0x0000000100000000)
  region size 1024K, 148 young (151552K), 2 survivors (2048K)
 Metaspace       used 89645K, committed 94656K, reserved 458752K
  class space    used 11832K, committed 14016K, reserved 327680K
}
Event: 1761.961 GC heap after
{Heap after GC invocations=35 (full 0):
 garbage-first heap   total 283648K, used 118416K [0x00000000e0000000, 0x0000000100000000)
  region size 1024K, 4 young (4096K), 4 survivors (4096K)
 Metaspace       used 89645K, committed 94656K, reserved 458752K
  class space    used 11832K, committed 14016K, reserved 327680K
}
Event: 2122.319 GC heap before
{Heap before GC invocations=35 (full 0):
 garbage-first heap   total 283648K, used 269968K [0x00000000e0000000, 0x0000000100000000)
  region size 1024K, 146 young (149504K), 4 survivors (4096K)
 Metaspace       used 90315K, committed 94720K, reserved 458752K
  class space    used 11923K, committed 14016K, reserved 327680K
}
Event: 2122.488 GC heap after
{Heap after GC invocations=36 (full 0):
 garbage-first heap   total 283648K, used 122095K [0x00000000e0000000, 0x0000000100000000)
  region size 1024K, 3 young (3072K), 3 survivors (3072K)
 Metaspace       used 90315K, committed 94720K, reserved 458752K
  class space    used 11923K, committed 14016K, reserved 327680K
}
Event: 2124.493 GC heap before
{Heap before GC invocations=36 (full 0):
 garbage-first heap   total 283648K, used 152815K [0x00000000e0000000, 0x0000000100000000)
  region size 1024K, 34 young (34816K), 3 survivors (3072K)
 Metaspace       used 91039K, committed 94720K, reserved 458752K
  class space    used 12023K, committed 14016K, reserved 327680K
}
Event: 2124.513 GC heap after
{Heap after GC invocations=37 (full 0):
 garbage-first heap   total 283648K, used 125730K [0x00000000e0000000, 0x0000000100000000)
  region size 1024K, 7 young (7168K), 7 survivors (7168K)
 Metaspace       used 91039K, committed 94720K, reserved 458752K
  class space    used 12023K, committed 14016K, reserved 327680K
}
Event: 2127.418 GC heap before
{Heap before GC invocations=38 (full 0):
 garbage-first heap   total 283648K, used 260898K [0x00000000e0000000, 0x0000000100000000)
  region size 1024K, 138 young (141312K), 7 survivors (7168K)
 Metaspace       used 93243K, committed 95744K, reserved 458752K
  class space    used 12296K, committed 14016K, reserved 327680K
}
Event: 2127.439 GC heap after
{Heap after GC invocations=39 (full 0):
 garbage-first heap   total 283648K, used 135370K [0x00000000e0000000, 0x0000000100000000)
  region size 1024K, 14 young (14336K), 14 survivors (14336K)
 Metaspace       used 93243K, committed 95744K, reserved 458752K
  class space    used 12296K, committed 14016K, reserved 327680K
}
Event: 2231.228 GC heap before
{Heap before GC invocations=39 (full 0):
 garbage-first heap   total 283648K, used 252106K [0x00000000e0000000, 0x0000000100000000)
  region size 1024K, 129 young (132096K), 14 survivors (14336K)
 Metaspace       used 93764K, committed 96128K, reserved 458752K
  class space    used 12354K, committed 14016K, reserved 327680K
}
Event: 2231.252 GC heap after
{Heap after GC invocations=40 (full 0):
 garbage-first heap   total 283648K, used 137684K [0x00000000e0000000, 0x0000000100000000)
  region size 1024K, 12 young (12288K), 12 survivors (12288K)
 Metaspace       used 93764K, committed 96128K, reserved 458752K
  class space    used 12354K, committed 14016K, reserved 327680K
}
Event: 2233.396 GC heap before
{Heap before GC invocations=40 (full 0):
 garbage-first heap   total 283648K, used 256468K [0x00000000e0000000, 0x0000000100000000)
  region size 1024K, 127 young (130048K), 12 survivors (12288K)
 Metaspace       used 103819K, committed 105472K, reserved 458752K
  class space    used 13592K, committed 14400K, reserved 327680K
}
Event: 2233.423 GC heap after
{Heap after GC invocations=41 (full 0):
 garbage-first heap   total 284672K, used 147674K [0x00000000e0000000, 0x0000000100000000)
  region size 1024K, 15 young (15360K), 15 survivors (15360K)
 Metaspace       used 103819K, committed 105472K, reserved 458752K
  class space    used 13592K, committed 14400K, reserved 327680K
}

Dll operation events (15 events):
Event: 0.016 Loaded shared library C:\Program Files\Java\jdk-21\bin\java.dll
Event: 0.051 Loaded shared library C:\Program Files\Java\jdk-21\bin\jsvml.dll
Event: 0.125 Loaded shared library C:\Program Files\Java\jdk-21\bin\zip.dll
Event: 0.129 Loaded shared library C:\Program Files\Java\jdk-21\bin\instrument.dll
Event: 0.134 Loaded shared library C:\Program Files\Java\jdk-21\bin\net.dll
Event: 0.136 Loaded shared library C:\Program Files\Java\jdk-21\bin\nio.dll
Event: 0.138 Loaded shared library C:\Program Files\Java\jdk-21\bin\zip.dll
Event: 0.650 Loaded shared library C:\Program Files\Java\jdk-21\bin\jimage.dll
Event: 1.028 Loaded shared library C:\Program Files\Java\jdk-21\bin\verify.dll
Event: 1.171 Loaded shared library C:\Users\musfi\.gradle\native\1def1411415f61bf3af743bc5b6707747c0891f09f0c88961ee8f79bc544acac\windows-amd64\native-platform.dll
Event: 1.193 Loaded shared library C:\Users\musfi\.gradle\native\0.2.7\x86_64-windows-gnu\gradle-fileevents.dll
Event: 2.527 Loaded shared library C:\Program Files\Java\jdk-21\bin\management.dll
Event: 2.531 Loaded shared library C:\Program Files\Java\jdk-21\bin\management_ext.dll
Event: 2.691 Loaded shared library C:\Program Files\Java\jdk-21\bin\extnet.dll
Event: 2.955 Loaded shared library C:\Program Files\Java\jdk-21\bin\sunmscapi.dll

Deoptimization events (20 events):
Event: 2233.537 Thread 0x0000019dc5bdd4b0 Uncommon trap: trap_request=0xffffff45 fr.pc=0x0000019d9c515abc relative=0x000000000000011c
Event: 2233.537 Thread 0x0000019dc5bdd4b0 Uncommon trap: reason=unstable_if action=reinterpret pc=0x0000019d9c515abc method=java.time.Duration.create(JI)Ljava/time/Duration; @ 6 c2
Event: 2233.537 Thread 0x0000019dc5bdd4b0 DEOPT PACKING pc=0x0000019d9c515abc sp=0x00000006ebafc230
Event: 2233.537 Thread 0x0000019dc5bdd4b0 DEOPT UNPACKING pc=0x0000019d9b5f46a2 sp=0x00000006ebafc148 mode 2
Event: 2233.589 Thread 0x0000019dc241a410 Uncommon trap: trap_request=0xffffffc6 fr.pc=0x0000019d9c0217a4 relative=0x0000000000000084
Event: 2233.589 Thread 0x0000019dc241a410 Uncommon trap: reason=bimorphic_or_optimized_type_check action=maybe_recompile pc=0x0000019d9c0217a4 method=java.util.AbstractMap.isEmpty()Z @ 1 c2
Event: 2233.589 Thread 0x0000019dc241a410 DEOPT PACKING pc=0x0000019d9c0217a4 sp=0x00000006e5efcc40
Event: 2233.589 Thread 0x0000019dc241a410 DEOPT UNPACKING pc=0x0000019d9b5f46a2 sp=0x00000006e5efcbd0 mode 2
Event: 2233.590 Thread 0x0000019dc241a410 Uncommon trap: trap_request=0xffffffc6 fr.pc=0x0000019d9c0d16a0 relative=0x0000000000000ea0
Event: 2233.590 Thread 0x0000019dc241a410 Uncommon trap: reason=bimorphic_or_optimized_type_check action=maybe_recompile pc=0x0000019d9c0d16a0 method=org.gradle.internal.snapshot.ChildMap$Entry.handleAncestorDescendantOrExactMatch(Lorg/gradle/internal/snapshot/VfsRelativePath;Lorg/gradle/internal
Event: 2233.590 Thread 0x0000019dc241a410 DEOPT PACKING pc=0x0000019d9c0d16a0 sp=0x00000006e5efbf20
Event: 2233.590 Thread 0x0000019dc241a410 DEOPT UNPACKING pc=0x0000019d9b5f46a2 sp=0x00000006e5efbf00 mode 2
Event: 2233.591 Thread 0x0000019dc241a410 Uncommon trap: trap_request=0xffffffc6 fr.pc=0x0000019d9c4b9f98 relative=0x00000000000003d8
Event: 2233.591 Thread 0x0000019dc241a410 Uncommon trap: reason=bimorphic_or_optimized_type_check action=maybe_recompile pc=0x0000019d9c4b9f98 method=org.gradle.internal.watch.registry.impl.WatchableHierarchies.lambda$removeUnwatchedSnapshots$0(Lorg/gradle/internal/snapshot/FileSystemLocationSnap
Event: 2233.591 Thread 0x0000019dc241a410 DEOPT PACKING pc=0x0000019d9c4b9f98 sp=0x00000006e5efc010
Event: 2233.591 Thread 0x0000019dc241a410 DEOPT UNPACKING pc=0x0000019d9b5f46a2 sp=0x00000006e5efbef8 mode 2
Event: 2233.694 Thread 0x0000019dc3bfacc0 Uncommon trap: trap_request=0xffffffc6 fr.pc=0x0000019d9c4b9fb4 relative=0x00000000000003f4
Event: 2233.694 Thread 0x0000019dc3bfacc0 Uncommon trap: reason=bimorphic_or_optimized_type_check action=maybe_recompile pc=0x0000019d9c4b9fb4 method=org.gradle.internal.watch.registry.impl.WatchableHierarchies.lambda$removeDirectSymlinks$3(Lorg/gradle/internal/snapshot/FileSystemLocationSnapshot
Event: 2233.694 Thread 0x0000019dc3bfacc0 DEOPT PACKING pc=0x0000019d9c4b9fb4 sp=0x00000006e7afe5d0
Event: 2233.694 Thread 0x0000019dc3bfacc0 DEOPT UNPACKING pc=0x0000019d9b5f46a2 sp=0x00000006e7afe4c8 mode 2

Classes loaded (20 events):
Event: 2232.583 Loading class jdk/internal/classfile/ClassfileElement done
Event: 2232.583 Loading class jdk/internal/classfile/ClassElement done
Event: 2232.715 Loading class java/text/BreakIterator
Event: 2232.716 Loading class java/text/BreakIterator done
Event: 2233.033 Loading class java/util/Collections$UnmodifiableSortedSet
Event: 2233.033 Loading class java/util/Collections$UnmodifiableSortedSet done
Event: 2233.069 Loading class java/util/regex/Pattern$Caret
Event: 2233.069 Loading class java/util/regex/Pattern$Caret done
Event: 2233.168 Loading class java/util/regex/Pattern$LazyLoop
Event: 2233.168 Loading class java/util/regex/Pattern$LazyLoop done
Event: 2233.490 Loading class java/util/EnumMap$Values
Event: 2233.490 Loading class java/util/EnumMap$Values done
Event: 2233.490 Loading class java/util/EnumMap$ValueIterator
Event: 2233.491 Loading class java/util/EnumMap$EnumMapIterator
Event: 2233.491 Loading class java/util/EnumMap$EnumMapIterator done
Event: 2233.491 Loading class java/util/EnumMap$ValueIterator done
Event: 2233.525 Loading class java/text/FieldPosition$Delegate
Event: 2233.525 Loading class java/text/FieldPosition$Delegate done
Event: 2233.587 Loading class sun/nio/fs/WindowsSecurity$Privilege
Event: 2233.588 Loading class sun/nio/fs/WindowsSecurity$Privilege done

Classes unloaded (20 events):
Event: 1580.367 Thread 0x0000019da5f77e60 Unloading class 0x0000019da7d28400 'jdk/internal/reflect/GeneratedSerializationConstructorAccessor84'
Event: 1580.367 Thread 0x0000019da5f77e60 Unloading class 0x0000019da7aac000 'java/lang/invoke/LambdaForm$MH+0x0000019da7aac000'
Event: 1580.367 Thread 0x0000019da5f77e60 Unloading class 0x0000019da7368400 'java/lang/invoke/LambdaForm$MH+0x0000019da7368400'
Event: 1580.368 Thread 0x0000019da5f77e60 Unloading class 0x0000019da7368000 'java/lang/invoke/LambdaForm$MH+0x0000019da7368000'
Event: 1580.368 Thread 0x0000019da5f77e60 Unloading class 0x0000019da72c0000 'java/lang/invoke/LambdaForm$MH+0x0000019da72c0000'
Event: 1580.368 Thread 0x0000019da5f77e60 Unloading class 0x0000019da71f4800 'java/lang/invoke/LambdaForm$MH+0x0000019da71f4800'
Event: 1580.368 Thread 0x0000019da5f77e60 Unloading class 0x0000019da71f4400 'java/lang/invoke/LambdaForm$MH+0x0000019da71f4400'
Event: 1580.368 Thread 0x0000019da5f77e60 Unloading class 0x0000019da71f4000 'java/lang/invoke/LambdaForm$MH+0x0000019da71f4000'
Event: 1580.368 Thread 0x0000019da5f77e60 Unloading class 0x0000019da71c2400 'java/lang/invoke/LambdaForm$MH+0x0000019da71c2400'
Event: 1580.368 Thread 0x0000019da5f77e60 Unloading class 0x0000019da71c2000 'java/lang/invoke/LambdaForm$MH+0x0000019da71c2000'
Event: 1580.368 Thread 0x0000019da5f77e60 Unloading class 0x0000019da70eac00 'java/lang/invoke/LambdaForm$MH+0x0000019da70eac00'
Event: 1580.368 Thread 0x0000019da5f77e60 Unloading class 0x0000019da70d5800 'java/lang/invoke/LambdaForm$MH+0x0000019da70d5800'
Event: 1580.368 Thread 0x0000019da5f77e60 Unloading class 0x0000019da70b0800 'java/lang/invoke/LambdaForm$MH+0x0000019da70b0800'
Event: 1580.368 Thread 0x0000019da5f77e60 Unloading class 0x0000019da7098c00 'java/lang/invoke/LambdaForm$MH+0x0000019da7098c00'
Event: 1580.368 Thread 0x0000019da5f77e60 Unloading class 0x0000019da7080000 'java/lang/invoke/LambdaForm$DMH+0x0000019da7080000'
Event: 1580.368 Thread 0x0000019da5f77e60 Unloading class 0x0000019da7018400 'java/lang/invoke/LambdaForm$MH+0x0000019da7018400'
Event: 2124.933 Thread 0x0000019da5f77e60 Unloading class 0x0000019da78e8000 'IdeaPluginConfigurator$_disableSources_closure1'
Event: 2124.934 Thread 0x0000019da5f77e60 Unloading class 0x0000019da7734558 'IdeaPluginConfigurator'
Event: 2124.934 Thread 0x0000019da5f77e60 Unloading class 0x0000019da7735000 'ijIdeaPluginConfigurator2_8de7jtwfoq2d6irywz23gusru$_run_closure1'
Event: 2124.934 Thread 0x0000019da5f77e60 Unloading class 0x0000019da7734000 'ijIdeaPluginConfigurator2_8de7jtwfoq2d6irywz23gusru'

Classes redefined (0 events):
No events

Internal exceptions (20 events):
Event: 2231.686 Thread 0x0000019dc5bdd4b0 Implicit null exception at 0x0000019d9bd07192 to 0x0000019d9bd081b8
Event: 2231.691 Thread 0x0000019dc5bdd4b0 Implicit null exception at 0x0000019d9bbec181 to 0x0000019d9bbecaf8
Event: 2231.691 Thread 0x0000019dc5bdd4b0 Implicit null exception at 0x0000019d9bcafd6d to 0x0000019d9bcafdd8
Event: 2231.978 Thread 0x0000019dc5bdd4b0 Exception <a 'sun/nio/fs/WindowsException'{0x00000000efc7e728}> (0x00000000efc7e728) 
thrown [s\open\src\hotspot\share\prims\jni.cpp, line 520]
Event: 2232.363 Thread 0x0000019dc5bdd4b0 Exception <a 'java/lang/NoSuchMethodError'{0x00000000ee1e32f0}: 'java.lang.Object java.lang.invoke.DirectMethodHandle$Holder.invokeVirtual(java.lang.Object, java.lang.Object, java.lang.Object, int, int)'> (0x00000000ee1e32f0) 
thrown [s\open\src\hotspot\share\interpreter\linkResolver.cpp, line 773]
Event: 2233.138 Thread 0x0000019dc5bdd4b0 Exception <a 'java/lang/NoSuchMethodError'{0x00000000eb459520}: 'java.lang.Object java.lang.invoke.DirectMethodHandle$Holder.invokeVirtual(java.lang.Object, java.lang.Object, long, java.lang.Object)'> (0x00000000eb459520) 
thrown [s\open\src\hotspot\share\interpreter\linkResolver.cpp, line 773]
Event: 2233.139 Thread 0x0000019dc5bdd4b0 Exception <a 'java/lang/NoSuchMethodError'{0x00000000eb45d980}: 'long java.lang.invoke.DirectMethodHandle$Holder.invokeStatic(java.lang.Object, java.lang.Object, int)'> (0x00000000eb45d980) 
thrown [s\open\src\hotspot\share\interpreter\linkResolver.cpp, line 773]
Event: 2233.139 Thread 0x0000019dc5bdd4b0 Exception <a 'java/lang/NoSuchMethodError'{0x00000000eb466138}: 'java.lang.Object java.lang.invoke.DirectMethodHandle$Holder.invokeSpecial(java.lang.Object, java.lang.Object, java.lang.Object, long, java.lang.Object)'> (0x00000000eb466138) 
thrown [s\open\src\hotspot\share\interpreter\linkResolver.cpp, line 773]
Event: 2233.139 Thread 0x0000019dc5bdd4b0 Exception <a 'java/lang/NoSuchMethodError'{0x00000000eb46ab10}: 'java.lang.Object java.lang.invoke.DelegatingMethodHandle$Holder.reinvoke_L(java.lang.Object, java.lang.Object, long, java.lang.Object)'> (0x00000000eb46ab10) 
thrown [s\open\src\hotspot\share\interpreter\linkResolver.cpp, line 773]
Event: 2233.141 Thread 0x0000019dc5bdd4b0 Exception <a 'java/lang/NoSuchMethodError'{0x00000000eb4a3308}: 'void java.lang.invoke.DelegatingMethodHandle$Holder.reinvoke_L(java.lang.Object, java.lang.Object, java.lang.Object, int)'> (0x00000000eb4a3308) 
thrown [s\open\src\hotspot\share\interpreter\linkResolver.cpp, line 773]
Event: 2233.207 Thread 0x0000019dc5bdd4b0 Exception <a 'java/lang/NoSuchMethodError'{0x00000000eb0bae20}: 'java.lang.Object java.lang.invoke.DirectMethodHandle$Holder.invokeVirtual(java.lang.Object, java.lang.Object, long)'> (0x00000000eb0bae20) 
thrown [s\open\src\hotspot\share\interpreter\linkResolver.cpp, line 773]
Event: 2233.305 Thread 0x0000019dc5bdd4b0 Exception <a 'sun/nio/fs/WindowsException'{0x00000000ea87dc68}> (0x00000000ea87dc68) 
thrown [s\open\src\hotspot\share\prims\jni.cpp, line 520]
Event: 2233.351 Thread 0x0000019dc5bdd4b0 Exception <a 'sun/nio/fs/WindowsException'{0x00000000ea585248}> (0x00000000ea585248) 
thrown [s\open\src\hotspot\share\prims\jni.cpp, line 520]
Event: 2233.431 Thread 0x0000019dc5bdd4b0 Implicit null exception at 0x0000019d9c22a4e0 to 0x0000019d9c22a530
Event: 2233.434 Thread 0x0000019dc5bdd4b0 Exception <a 'sun/nio/fs/WindowsException'{0x00000000f13039e8}> (0x00000000f13039e8) 
thrown [s\open\src\hotspot\share\prims\jni.cpp, line 520]
Event: 2233.441 Thread 0x0000019dc5bdd4b0 Implicit null exception at 0x0000019d9c86b20b to 0x0000019d9c86b9f4
Event: 2233.552 Thread 0x0000019dc241a410 Exception <a 'sun/nio/fs/WindowsException'{0x00000000f0ece788}> (0x00000000f0ece788) 
thrown [s\open\src\hotspot\share\prims\jni.cpp, line 520]
Event: 2233.575 Thread 0x0000019dc3bfacc0 Exception <a 'sun/nio/fs/WindowsException'{0x00000000f0d19658}> (0x00000000f0d19658) 
thrown [s\open\src\hotspot\share\prims\jni.cpp, line 520]
Event: 2233.576 Thread 0x0000019dc3bfacc0 Exception <a 'sun/nio/fs/WindowsException'{0x00000000f0d19818}> (0x00000000f0d19818) 
thrown [s\open\src\hotspot\share\prims\jni.cpp, line 520]
Event: 2233.589 Thread 0x0000019dc3bfacc0 Exception <a 'sun/nio/fs/WindowsException'{0x00000000f0d60e18}> (0x00000000f0d60e18) 
thrown [s\open\src\hotspot\share\prims\jni.cpp, line 520]

ZGC Phase Switch (0 events):
No events

VM Operations (20 events):
Event: 2231.539 Executing VM operation: HandshakeAllThreads (Deoptimize)
Event: 2231.539 Executing VM operation: HandshakeAllThreads (Deoptimize) done
Event: 2231.968 Executing VM operation: HandshakeAllThreads (Deoptimize)
Event: 2231.969 Executing VM operation: HandshakeAllThreads (Deoptimize) done
Event: 2232.356 Executing VM operation: ICBufferFull
Event: 2232.356 Executing VM operation: ICBufferFull done
Event: 2232.521 Executing VM operation: ICBufferFull
Event: 2232.521 Executing VM operation: ICBufferFull done
Event: 2233.170 Executing VM operation: HandshakeAllThreads (Deoptimize)
Event: 2233.170 Executing VM operation: HandshakeAllThreads (Deoptimize) done
Event: 2233.243 Executing VM operation: ICBufferFull
Event: 2233.243 Executing VM operation: ICBufferFull done
Event: 2233.366 Executing VM operation: ICBufferFull
Event: 2233.366 Executing VM operation: ICBufferFull done
Event: 2233.396 Executing VM operation: G1CollectForAllocation (G1 Evacuation Pause)
Event: 2233.424 Executing VM operation: G1CollectForAllocation (G1 Evacuation Pause) done
Event: 2233.527 Executing VM operation: HandshakeAllThreads (Deoptimize)
Event: 2233.527 Executing VM operation: HandshakeAllThreads (Deoptimize) done
Event: 2234.561 Executing VM operation: Cleanup
Event: 2234.562 Executing VM operation: Cleanup done

Events (20 events):
Event: 2233.605 Thread 0x0000019dc39f7730 Thread exited: 0x0000019dc39f7730
Event: 2233.605 Thread 0x0000019dc4d64f20 Thread exited: 0x0000019dc4d64f20
Event: 2233.605 Thread 0x0000019dc241be50 Thread exited: 0x0000019dc241be50
Event: 2233.605 Thread 0x0000019dc39f8450 Thread exited: 0x0000019dc39f8450
Event: 2233.605 Thread 0x0000019dc4d65c40 Thread exited: 0x0000019dc4d65c40
Event: 2233.605 Thread 0x0000019dc5bde1d0 Thread exited: 0x0000019dc5bde1d0
Event: 2233.605 Thread 0x0000019dc4d61aa0 Thread exited: 0x0000019dc4d61aa0
Event: 2233.605 Thread 0x0000019dc4d606f0 Thread exited: 0x0000019dc4d606f0
Event: 2233.605 Thread 0x0000019dc4d627c0 Thread exited: 0x0000019dc4d627c0
Event: 2233.607 Thread 0x0000019dc241aaa0 Thread exited: 0x0000019dc241aaa0
Event: 2233.608 Thread 0x0000019dc2419060 Thread exited: 0x0000019dc2419060
Event: 2233.623 Thread 0x0000019dc2416f90 Thread exited: 0x0000019dc2416f90
Event: 2233.628 Thread 0x0000019dc3bfacc0 Thread added: 0x0000019dc3bfacc0
Event: 2233.628 Thread 0x0000019dc2416900 Thread exited: 0x0000019dc2416900
Event: 2233.638 Thread 0x0000019dc2419d80 Thread exited: 0x0000019dc2419d80
Event: 2238.920 Thread 0x0000019dc4b84040 Thread exited: 0x0000019dc4b84040
Event: 2248.872 Thread 0x0000019dc3bfb9e0 Thread added: 0x0000019dc3bfb9e0
Event: 2248.877 Thread 0x0000019dc3bf8bf0 Thread added: 0x0000019dc3bf8bf0
Event: 2248.880 Thread 0x0000019dc3bfb9e0 Thread exited: 0x0000019dc3bfb9e0
Event: 2248.883 Thread 0x0000019dc3bfc700 Thread added: 0x0000019dc3bfc700


Dynamic libraries:
0x00007ff612ff0000 - 0x00007ff613000000 	C:\Program Files\Java\jdk-21\bin\java.exe
0x00007fffed940000 - 0x00007fffedba0000 	C:\WINDOWS\SYSTEM32\ntdll.dll
0x00007fffecdf0000 - 0x00007fffeceb7000 	C:\WINDOWS\System32\KERNEL32.DLL
0x00007fffeaec0000 - 0x00007fffeb28a000 	C:\WINDOWS\System32\KERNELBASE.dll
0x00007fffeb290000 - 0x00007fffeb3db000 	C:\WINDOWS\System32\ucrtbase.dll
0x00007fffdb670000 - 0x00007fffdb68b000 	C:\Program Files\Java\jdk-21\bin\VCRUNTIME140.dll
0x00007fffd9070000 - 0x00007fffd9089000 	C:\Program Files\Java\jdk-21\bin\jli.dll
0x00007fffeb920000 - 0x00007fffeb9d2000 	C:\WINDOWS\System32\ADVAPI32.dll
0x00007fffebc90000 - 0x00007fffebd39000 	C:\WINDOWS\System32\msvcrt.dll
0x00007fffed630000 - 0x00007fffed6d6000 	C:\WINDOWS\System32\sechost.dll
0x00007fffecfa0000 - 0x00007fffed0b6000 	C:\WINDOWS\System32\RPCRT4.dll
0x00007fffebd60000 - 0x00007fffebf2c000 	C:\WINDOWS\System32\USER32.dll
0x00007fffeb3e0000 - 0x00007fffeb407000 	C:\WINDOWS\System32\win32u.dll
0x00007fffeba60000 - 0x00007fffeba8a000 	C:\WINDOWS\System32\GDI32.dll
0x00007fffeb570000 - 0x00007fffeb6a1000 	C:\WINDOWS\System32\gdi32full.dll
0x00007fffeab20000 - 0x00007fffeabc3000 	C:\WINDOWS\System32\msvcp_win.dll
0x00007fffd3ee0000 - 0x00007fffd4177000 	C:\WINDOWS\WinSxS\amd64_microsoft.windows.common-controls_6595b64144ccf1df_6.0.26100.3624_none_3e086962e3345f24\COMCTL32.dll
0x00007fffdae70000 - 0x00007fffdae7b000 	C:\WINDOWS\SYSTEM32\VERSION.dll
0x00007fffed260000 - 0x00007fffed28f000 	C:\WINDOWS\System32\IMM32.DLL
0x00007fffdf3d0000 - 0x00007fffdf3dc000 	C:\Program Files\Java\jdk-21\bin\vcruntime140_1.dll
0x00007fffd3100000 - 0x00007fffd318e000 	C:\Program Files\Java\jdk-21\bin\msvcp140.dll
0x00007fffa7fa0000 - 0x00007fffa8cba000 	C:\Program Files\Java\jdk-21\bin\server\jvm.dll
0x00007fffed1e0000 - 0x00007fffed254000 	C:\WINDOWS\System32\WS2_32.dll
0x00007fffea990000 - 0x00007fffea9ee000 	C:\WINDOWS\SYSTEM32\POWRPROF.dll
0x00007fffd4180000 - 0x00007fffd41b6000 	C:\WINDOWS\SYSTEM32\WINMM.dll
0x00007fffea970000 - 0x00007fffea984000 	C:\WINDOWS\SYSTEM32\UMPDC.dll
0x00007fffe9930000 - 0x00007fffe994a000 	C:\WINDOWS\SYSTEM32\kernel.appcore.dll
0x00007fffdb620000 - 0x00007fffdb62a000 	C:\Program Files\Java\jdk-21\bin\jimage.dll
0x00007fffe52c0000 - 0x00007fffe5501000 	C:\WINDOWS\SYSTEM32\DBGHELP.DLL
0x00007fffed2a0000 - 0x00007fffed622000 	C:\WINDOWS\System32\combase.dll
0x00007fffecec0000 - 0x00007fffecf96000 	C:\WINDOWS\System32\OLEAUT32.dll
0x00007fffe4470000 - 0x00007fffe44a9000 	C:\WINDOWS\SYSTEM32\dbgcore.DLL
0x00007fffeb410000 - 0x00007fffeb4a9000 	C:\WINDOWS\System32\bcryptPrimitives.dll
0x00007fffd8fa0000 - 0x00007fffd8faf000 	C:\Program Files\Java\jdk-21\bin\instrument.dll
0x00007fffd8f80000 - 0x00007fffd8f9f000 	C:\Program Files\Java\jdk-21\bin\java.dll
0x00007fffec3d0000 - 0x00007fffecaf9000 	C:\WINDOWS\System32\SHELL32.dll
0x00007fffeabd0000 - 0x00007fffead38000 	C:\WINDOWS\System32\wintypes.dll
0x00007fffe8800000 - 0x00007fffe9052000 	C:\WINDOWS\SYSTEM32\windows.storage.dll
0x00007fffed790000 - 0x00007fffed87d000 	C:\WINDOWS\System32\SHCORE.dll
0x00007fffecb50000 - 0x00007fffecbb4000 	C:\WINDOWS\System32\shlwapi.dll
0x00007fffeaa00000 - 0x00007fffeaa2f000 	C:\WINDOWS\SYSTEM32\profapi.dll
0x00007fffd2f00000 - 0x00007fffd2fd7000 	C:\Program Files\Java\jdk-21\bin\jsvml.dll
0x00007fffd4a60000 - 0x00007fffd4a78000 	C:\Program Files\Java\jdk-21\bin\zip.dll
0x00007fffd8f20000 - 0x00007fffd8f30000 	C:\Program Files\Java\jdk-21\bin\net.dll
0x00007fffdafe0000 - 0x00007fffdb0fd000 	C:\WINDOWS\SYSTEM32\WINHTTP.dll
0x00007fffe9e50000 - 0x00007fffe9eba000 	C:\WINDOWS\system32\mswsock.dll
0x00007fffd4a10000 - 0x00007fffd4a26000 	C:\Program Files\Java\jdk-21\bin\nio.dll
0x00007fffd4d20000 - 0x00007fffd4d30000 	C:\Program Files\Java\jdk-21\bin\verify.dll
0x00007fffe2370000 - 0x00007fffe2397000 	C:\Users\musfi\.gradle\native\1def1411415f61bf3af743bc5b6707747c0891f09f0c88961ee8f79bc544acac\windows-amd64\native-platform.dll
0x00007fffca620000 - 0x00007fffca698000 	C:\Users\musfi\.gradle\native\0.2.7\x86_64-windows-gnu\gradle-fileevents.dll
0x00007fffd4a50000 - 0x00007fffd4a5a000 	C:\Program Files\Java\jdk-21\bin\management.dll
0x00007fffd4930000 - 0x00007fffd493b000 	C:\Program Files\Java\jdk-21\bin\management_ext.dll
0x00007fffed0d0000 - 0x00007fffed0d8000 	C:\WINDOWS\System32\PSAPI.DLL
0x00007fffe9360000 - 0x00007fffe9393000 	C:\WINDOWS\SYSTEM32\IPHLPAPI.DLL
0x00007fffed0c0000 - 0x00007fffed0ca000 	C:\WINDOWS\System32\NSI.dll
0x00007fffd4920000 - 0x00007fffd4929000 	C:\Program Files\Java\jdk-21\bin\extnet.dll
0x00007fffea0f0000 - 0x00007fffea10c000 	C:\WINDOWS\SYSTEM32\CRYPTSP.dll
0x00007fffe9890000 - 0x00007fffe98ca000 	C:\WINDOWS\system32\rsaenh.dll
0x00007fffe9ef0000 - 0x00007fffe9f1b000 	C:\WINDOWS\SYSTEM32\USERENV.dll
0x00007fffeaa40000 - 0x00007fffeaa66000 	C:\WINDOWS\SYSTEM32\bcrypt.dll
0x00007fffea110000 - 0x00007fffea11c000 	C:\WINDOWS\SYSTEM32\CRYPTBASE.dll
0x00007fffd3a40000 - 0x00007fffd3a4e000 	C:\Program Files\Java\jdk-21\bin\sunmscapi.dll
0x00007fffead40000 - 0x00007fffeaeb7000 	C:\WINDOWS\System32\CRYPT32.dll
0x00007fffea2f0000 - 0x00007fffea320000 	C:\WINDOWS\SYSTEM32\ncrypt.dll
0x00007fffea2a0000 - 0x00007fffea2df000 	C:\WINDOWS\SYSTEM32\NTASN1.dll
0x00007fffc8190000 - 0x00007fffc8198000 	C:\WINDOWS\system32\wshunix.dll
0x00007fffe9450000 - 0x00007fffe9575000 	C:\WINDOWS\SYSTEM32\DNSAPI.dll
0x0000000051770000 - 0x0000000051796000 	C:\Program Files\Bonjour\mdnsNSP.dll
0x00007fffd2790000 - 0x00007fffd279b000 	C:\Windows\System32\rasadhlp.dll
0x00007fffda750000 - 0x00007fffda7d5000 	C:\WINDOWS\System32\fwpuclnt.dll
0x00007fffe9a50000 - 0x00007fffe9a85000 	C:\WINDOWS\SYSTEM32\ntmarta.dll

dbghelp: loaded successfully - version: 4.0.5 - missing functions: none
symbol engine: initialized successfully - sym options: 0x614 - pdb path: .;C:\Program Files\Java\jdk-21\bin;C:\WINDOWS\SYSTEM32;C:\WINDOWS\WinSxS\amd64_microsoft.windows.common-controls_6595b64144ccf1df_6.0.26100.3624_none_3e086962e3345f24;C:\Program Files\Java\jdk-21\bin\server;C:\Users\musfi\.gradle\native\1def1411415f61bf3af743bc5b6707747c0891f09f0c88961ee8f79bc544acac\windows-amd64;C:\Users\musfi\.gradle\native\0.2.7\x86_64-windows-gnu;C:\Program Files\Bonjour

VM Arguments:
jvm_args: --add-opens=java.base/java.lang=ALL-UNNAMED --add-opens=java.base/java.lang.invoke=ALL-UNNAMED --add-opens=java.base/java.util=ALL-UNNAMED --add-opens=java.prefs/java.util.prefs=ALL-UNNAMED --add-exports=jdk.compiler/com.sun.tools.javac.api=ALL-UNNAMED --add-exports=jdk.compiler/com.sun.tools.javac.util=ALL-UNNAMED --add-opens=java.base/java.util=ALL-UNNAMED --add-opens=java.prefs/java.util.prefs=ALL-UNNAMED --add-opens=java.base/java.nio.charset=ALL-UNNAMED --add-opens=java.base/java.net=ALL-UNNAMED --add-opens=java.base/java.util.concurrent.atomic=ALL-UNNAMED --add-opens=java.xml/javax.xml.namespace=ALL-UNNAMED -XX:MaxMetaspaceSize=384m -XX:+HeapDumpOnOutOfMemoryError -Xms256m -Xmx512m -Dfile.encoding=UTF-8 -Duser.country=US -Duser.language=en -Duser.variant -javaagent:C:\Users\musfi\.gradle\wrapper\dists\gradle-8.13-bin\5xuhj0ry160q40clulazy9h7d\gradle-8.13\lib\agents\gradle-instrumentation-agent-8.13.jar 
java_command: org.gradle.launcher.daemon.bootstrap.GradleDaemon 8.13
java_class_path (initial): C:\Users\musfi\.gradle\wrapper\dists\gradle-8.13-bin\5xuhj0ry160q40clulazy9h7d\gradle-8.13\lib\gradle-daemon-main-8.13.jar
Launcher Type: SUN_STANDARD

[Global flags]
     intx CICompilerCount                          = 3                                         {product} {ergonomic}
   size_t CompressedClassSpaceSize                 = 335544320                                 {product} {ergonomic}
     uint ConcGCThreads                            = 1                                         {product} {ergonomic}
     uint G1ConcRefinementThreads                  = 4                                         {product} {ergonomic}
   size_t G1HeapRegionSize                         = 1048576                                   {product} {ergonomic}
    uintx GCDrainStackTargetSize                   = 64                                        {product} {ergonomic}
     bool HeapDumpOnOutOfMemoryError               = true                                   {manageable} {command line}
   size_t InitialHeapSize                          = 268435456                                 {product} {command line}
   size_t MarkStackSize                            = 4194304                                   {product} {ergonomic}
   size_t MaxHeapSize                              = 536870912                                 {product} {command line}
   size_t MaxMetaspaceSize                         = 402653184                                 {product} {command line}
   size_t MaxNewSize                               = 321912832                                 {product} {ergonomic}
   size_t MinHeapDeltaBytes                        = 1048576                                   {product} {ergonomic}
   size_t MinHeapSize                              = 268435456                                 {product} {command line}
    uintx NonNMethodCodeHeapSize                   = 5832780                                {pd product} {ergonomic}
    uintx NonProfiledCodeHeapSize                  = 122912730                              {pd product} {ergonomic}
    uintx ProfiledCodeHeapSize                     = 122912730                              {pd product} {ergonomic}
    uintx ReservedCodeCacheSize                    = 251658240                              {pd product} {ergonomic}
     bool SegmentedCodeCache                       = true                                      {product} {ergonomic}
   size_t SoftMaxHeapSize                          = 536870912                              {manageable} {ergonomic}
     bool UseCompressedOops                        = true                           {product lp64_product} {ergonomic}
     bool UseG1GC                                  = true                                      {product} {ergonomic}
     bool UseLargePagesIndividualAllocation        = false                                  {pd product} {ergonomic}

Logging:
Log output configuration:
 #0: stdout all=warning uptime,level,tags foldmultilines=false
 #1: stderr all=off uptime,level,tags foldmultilines=false

Environment Variables:
PATH=C:\Program Files\Common Files\Oracle\Java\javapath;C:\WINDOWS\system32;C:\WINDOWS;C:\WINDOWS\System32\Wbem;C:\WINDOWS\System32\WindowsPowerShell\v1.0\;C:\WINDOWS\System32\OpenSSH\;C:\Users\musfi\.config\herd\bin\nvm;C:\Program Files\nodejs;C:\Program Files\Go\bin;C:\Program Files\Git\cmd;C:\Users\musfi\.config\herd\bin;C:\Users\musfi\AppData\Local\Microsoft\WindowsApps;C:\Users\musfi\AppData\Local\Programs\Microsoft VS Code\bin;C:\Users\musfi\go\bin;C:\Users\musfi\AppData\Local\JetBrains\Toolbox\scripts;
USERNAME=musfi
OS=Windows_NT
PROCESSOR_IDENTIFIER=Intel64 Family 6 Model 142 Stepping 12, GenuineIntel
TMP=C:\Users\musfi\AppData\Local\Temp
TEMP=C:\Users\musfi\AppData\Local\Temp




Periodic native trim disabled

---------------  S Y S T E M  ---------------

OS:
 Windows 11 , 64 bit Build 26100 (10.0.26100.3775)
OS uptime: 0 days 18:57 hours

CPU: total 4 (initial active 4) (2 cores per cpu, 2 threads per core) family 6 model 142 stepping 12 microcode 0xde, cx8, cmov, fxsr, ht, mmx, 3dnowpref, sse, sse2, sse3, ssse3, sse4.1, sse4.2, popcnt, lzcnt, tsc, tscinvbit, avx, avx2, aes, erms, clmul, bmi1, bmi2, adx, fma, vzeroupper, clflush, clflushopt, rdtscp, f16c
Processor Information for all 4 processors :
  Max Mhz: 2304, Current Mhz: 2103, Mhz Limit: 2096

Memory: 4k page, system-wide physical 8044M (1666M free)
TotalPageFile size 14707M (AvailPageFile size 668M)
current process WorkingSet (physical memory assigned to process): 496M, peak: 514M
current process commit charge ("private bytes"): 609M, peak: 614M

vm_info: Java HotSpot(TM) 64-Bit Server VM (21.0.7+8-LTS-245) for windows-amd64 JRE (21.0.7+8-LTS-245), built on 2025-02-21T05:11:27Z by "mach5one" with MS VC++ 17.6 (VS2022)

END.
